2026-07-06 11:18:44,951	[INFO]	(client.py:162)_bot_login	[botpy] 登录机器人账号中...
2026-07-06 11:18:45,691	[INFO]	(robot.py:65)update_access_token	[botpy] access_token expires_in 3926
2026-07-06 11:18:46,183	[INFO]	(client.py:181)_bot_init	[botpy] 程序启动...
2026-07-06 11:18:46,184	[INFO]	(connection.py:60)multi_run	[botpy] 最大并发连接数: 1, 启动会话数: 1
2026-07-06 11:18:46,184	[INFO]	(client.py:242)bot_connect	[botpy] 会话启动中...
2026-07-06 11:18:46,184	[INFO]	(gateway.py:115)ws_connect	[botpy] 启动中...
2026-07-06 11:18:46,331	[INFO]	(gateway.py:142)ws_identify	[botpy] 鉴权中...
2026-07-06 11:18:46,554	[INFO]	(gateway.py:85)on_message	[botpy] 机器人「蓝晴-测试中」启动成功！
2026-07-06 11:18:46,834	[INFO]	(gateway.py:223)_send_heart	[botpy] 心跳维持启动...
2026-07-06 11:18:46,834	[INFO]	(client.py:17)on_ready	机器人「蓝晴-测试中」已上线
2026-07-06 11:18:59,633	[INFO]	(group.py:12)handle_group_at_message	[群聊] 57F2923E9BA2C2F30706B6A875E2DC0C: 帮助
2026-07-06 11:24:34,527	[INFO]	(group.py:12)handle_group_at_message	[群聊] 57F2923E9BA2C2F30706B6A875E2DC0C: ping
2026-07-06 11:24:42,086	[INFO]	(group.py:12)handle_group_at_message	[群聊] 57F2923E9BA2C2F30706B6A875E2DC0C: 你好
2026-07-06 11:25:46,074	[INFO]	(group.py:12)handle_group_at_message	[群聊] 57F2923E9BA2C2F30706B6A875E2DC0C: 
2026-07-06 11:25:51,943	[WARNING]	(http.py:192)request	请求超时，请求连接: https://api.sgroup.qq.com/v2/groups/A51224B4D77E22702F70BE7E8116BA7D/messages
2026-07-06 11:26:19,169	[INFO]	(group.py:12)handle_group_at_message	[群聊] 57F2923E9BA2C2F30706B6A875E2DC0C: 测试
2026-07-06 11:48:46,292	[INFO]	(gateway.py:56)on_closed	[botpy] 关闭, 返回码: 4009, 返回信息: Session timed out
2026-07-06 11:48:46,292	[INFO]	(gateway.py:134)ws_connect	[botpy] ws关闭, 停止接收消息!
2026-07-06 11:48:51,301	[INFO]	(connection.py:60)multi_run	[botpy] 最大并发连接数: 1, 启动会话数: 1
2026-07-06 11:48:51,301	[INFO]	(client.py:242)bot_connect	[botpy] 会话启动中...
2026-07-06 11:48:51,302	[INFO]	(gateway.py:115)ws_connect	[botpy] 启动中...
2026-07-06 11:48:51,354	[INFO]	(gateway.py:175)ws_resume	[botpy] 重连启动...
2026-07-06 11:48:51,416	[INFO]	(gateway.py:90)on_message	[botpy] 机器人重连成功! 
2026-07-06 11:48:51,416	[INFO]	(gateway.py:223)_send_heart	[botpy] 心跳维持启动...
2026-07-06 12:18:51,266	[INFO]	(gateway.py:56)on_closed	[botpy] 关闭, 返回码: 4009, 返回信息: Session timed out
2026-07-06 12:18:51,266	[INFO]	(gateway.py:134)ws_connect	[botpy] ws关闭, 停止接收消息!
2026-07-06 12:18:56,277	[INFO]	(connection.py:60)multi_run	[botpy] 最大并发连接数: 1, 启动会话数: 1
2026-07-06 12:18:56,277	[INFO]	(client.py:242)bot_connect	[botpy] 会话启动中...
2026-07-06 12:18:56,278	[INFO]	(gateway.py:115)ws_connect	[botpy] 启动中...
2026-07-06 12:18:56,351	[INFO]	(gateway.py:175)ws_resume	[botpy] 重连启动...
2026-07-06 12:18:56,415	[INFO]	(gateway.py:90)on_message	[botpy] 机器人重连成功! 
2026-07-06 12:18:56,416	[INFO]	(gateway.py:223)_send_heart	[botpy] 心跳维持启动...
2026-07-06 12:48:56,263	[INFO]	(gateway.py:56)on_closed	[botpy] 关闭, 返回码: 4009, 返回信息: Session timed out
2026-07-06 12:48:56,264	[INFO]	(gateway.py:134)ws_connect	[botpy] ws关闭, 停止接收消息!
2026-07-06 12:49:01,280	[INFO]	(connection.py:60)multi_run	[botpy] 最大并发连接数: 1, 启动会话数: 1
2026-07-06 12:49:01,281	[INFO]	(client.py:242)bot_connect	[botpy] 会话启动中...
2026-07-06 12:49:01,281	[INFO]	(gateway.py:115)ws_connect	[botpy] 启动中...
2026-07-06 12:49:01,343	[INFO]	(gateway.py:175)ws_resume	[botpy] 重连启动...
2026-07-06 12:49:01,536	[INFO]	(robot.py:65)update_access_token	[botpy] access_token expires_in 7200
2026-07-06 12:49:01,596	[INFO]	(gateway.py:90)on_message	[botpy] 机器人重连成功! 
2026-07-06 12:49:01,596	[INFO]	(gateway.py:223)_send_heart	[botpy] 心跳维持启动...
2026-07-06 13:19:01,255	[INFO]	(gateway.py:56)on_closed	[botpy] 关闭, 返回码: 4009, 返回信息: Session timed out
2026-07-06 13:19:01,256	[INFO]	(gateway.py:134)ws_connect	[botpy] ws关闭, 停止接收消息!
2026-07-06 13:19:06,255	[INFO]	(connection.py:60)multi_run	[botpy] 最大并发连接数: 1, 启动会话数: 1
2026-07-06 13:19:06,255	[INFO]	(client.py:242)bot_connect	[botpy] 会话启动中...
2026-07-06 13:19:06,256	[INFO]	(gateway.py:115)ws_connect	[botpy] 启动中...
2026-07-06 13:19:06,326	[INFO]	(gateway.py:175)ws_resume	[botpy] 重连启动...
2026-07-06 13:19:06,392	[INFO]	(gateway.py:90)on_message	[botpy] 机器人重连成功! 
2026-07-06 13:19:06,393	[INFO]	(gateway.py:223)_send_heart	[botpy] 心跳维持启动...
2026-07-06 13:49:06,238	[INFO]	(gateway.py:56)on_closed	[botpy] 关闭, 返回码: 4009, 返回信息: Session timed out
2026-07-06 13:49:06,240	[INFO]	(gateway.py:134)ws_connect	[botpy] ws关闭, 停止接收消息!
2026-07-06 13:49:11,237	[INFO]	(connection.py:60)multi_run	[botpy] 最大并发连接数: 1, 启动会话数: 1
2026-07-06 13:49:11,237	[INFO]	(client.py:242)bot_connect	[botpy] 会话启动中...
2026-07-06 13:49:11,237	[INFO]	(gateway.py:115)ws_connect	[botpy] 启动中...
2026-07-06 13:49:11,300	[INFO]	(gateway.py:175)ws_resume	[botpy] 重连启动...
2026-07-06 13:49:11,365	[INFO]	(gateway.py:90)on_message	[botpy] 机器人重连成功! 
2026-07-06 13:49:11,366	[INFO]	(gateway.py:223)_send_heart	[botpy] 心跳维持启动...
2026-07-06 14:13:21,182	[INFO]	(client.py:162)_bot_login	[botpy] 登录机器人账号中...
2026-07-06 14:13:21,259	[INFO]	(robot.py:65)update_access_token	[botpy] access_token expires_in 2140
2026-07-06 14:13:21,553	[INFO]	(client.py:181)_bot_init	[botpy] 程序启动...
2026-07-06 14:13:21,553	[INFO]	(connection.py:60)multi_run	[botpy] 最大并发连接数: 1, 启动会话数: 1
2026-07-06 14:13:21,553	[INFO]	(client.py:242)bot_connect	[botpy] 会话启动中...
2026-07-06 14:13:21,553	[INFO]	(gateway.py:115)ws_connect	[botpy] 启动中...
2026-07-06 14:13:21,594	[INFO]	(gateway.py:142)ws_identify	[botpy] 鉴权中...
2026-07-06 14:13:21,675	[INFO]	(gateway.py:85)on_message	[botpy] 机器人「蓝晴-测试中」启动成功！
2026-07-06 14:13:21,675	[INFO]	(gateway.py:223)_send_heart	[botpy] 心跳维持启动...
2026-07-06 14:13:21,677	[INFO]	(registry.py:40)load_all	已加载插件 basic v1.0.0
2026-07-06 14:13:21,678	[INFO]	(registry.py:40)load_all	已加载插件 jrrp v1.0.0
2026-07-06 14:13:21,680	[INFO]	(registry.py:40)load_all	已加载插件 tarot v1.0.0
2026-07-06 14:13:21,680	[INFO]	(client.py:18)on_ready	机器人「蓝晴-测试中」已上线，已加载插件: basic, jrrp, tarot
2026-07-06 14:13:31,739	[INFO]	(message.py:31)handle_group_at_message	[群聊] 57F2923E9BA2C2F30706B6A875E2DC0C: /jrrp
2026-07-06 14:13:48,376	[INFO]	(message.py:31)handle_group_at_message	[群聊] 57F2923E9BA2C2F30706B6A875E2DC0C: jrrp
2026-07-06 14:13:48,376	[INFO]	(registry.py:69)dispatch	[插件:jrrp] 处理 jrrp
2026-07-06 14:14:09,582	[INFO]	(message.py:31)handle_group_at_message	[群聊] 57F2923E9BA2C2F30706B6A875E2DC0C: 占卜
2026-07-06 14:14:09,582	[INFO]	(registry.py:69)dispatch	[插件:tarot] 处理 占卜
2026-07-06 14:51:32,302	[INFO]	(client.py:162)_bot_login	[botpy] 登录机器人账号中...
2026-07-06 14:51:32,422	[INFO]	(robot.py:65)update_access_token	[botpy] access_token expires_in 7200
2026-07-06 14:51:32,693	[INFO]	(client.py:181)_bot_init	[botpy] 程序启动...
2026-07-06 14:51:32,693	[INFO]	(connection.py:60)multi_run	[botpy] 最大并发连接数: 1, 启动会话数: 1
2026-07-06 14:51:32,694	[INFO]	(client.py:242)bot_connect	[botpy] 会话启动中...
2026-07-06 14:51:32,694	[INFO]	(gateway.py:115)ws_connect	[botpy] 启动中...
2026-07-06 14:51:32,746	[INFO]	(gateway.py:142)ws_identify	[botpy] 鉴权中...
2026-07-06 14:51:32,906	[INFO]	(gateway.py:85)on_message	[botpy] 机器人「蓝晴-测试中」启动成功！
2026-07-06 14:51:32,906	[INFO]	(gateway.py:223)_send_heart	[botpy] 心跳维持启动...
2026-07-06 14:51:32,908	[INFO]	(registry.py:41)load_all	已加载插件 basic v1.0.0
2026-07-06 14:51:32,910	[INFO]	(registry.py:41)load_all	已加载插件 jrrp v1.0.0
2026-07-06 14:51:32,931	[INFO]	(registry.py:41)load_all	已加载插件 tarot v1.0.0
2026-07-06 14:51:32,931	[INFO]	(client.py:18)on_ready	机器人「蓝晴-测试中」已上线，已加载插件: basic, jrrp, tarot
2026-07-06 14:57:56,662	[INFO]	(message.py:44)handle_group_at_message	[群聊] 57F2923E9BA2C2F30706B6A875E2DC0C: 占卜
2026-07-06 14:57:56,662	[INFO]	(registry.py:72)dispatch	[插件:tarot] 处理 占卜
2026-07-06 14:57:57,357	[ERROR]	(http.py:76)_handle_response	[botpy] 接口请求异常，请求连接: https://api.sgroup.qq.com/v2/groups/A51224B4D77E22702F70BE7E8116BA7D/messages, 错误代码: 400, 返回内容: {'message': '请求数据异常', 'code': 40011000, 'err_code': 40011000, 'trace_id': '1e747a410bf809312e0a06fa105bc058'}, trace_id:1e747a410bf809312e0a06fa105bc058
2026-07-06 14:57:57,358	[ERROR]	(message.py:29)_reply	发送图片失败，降级为纯文字: 请求数据异常
2026-07-06 15:03:09,456	[INFO]	(client.py:162)_bot_login	[botpy] 登录机器人账号中...
2026-07-06 15:03:09,604	[INFO]	(robot.py:65)update_access_token	[botpy] access_token expires_in 6503
2026-07-06 15:03:10,099	[INFO]	(client.py:181)_bot_init	[botpy] 程序启动...
2026-07-06 15:03:10,099	[INFO]	(connection.py:60)multi_run	[botpy] 最大并发连接数: 1, 启动会话数: 1
2026-07-06 15:03:10,099	[INFO]	(client.py:242)bot_connect	[botpy] 会话启动中...
2026-07-06 15:03:10,099	[INFO]	(gateway.py:115)ws_connect	[botpy] 启动中...
2026-07-06 15:03:10,162	[INFO]	(gateway.py:142)ws_identify	[botpy] 鉴权中...
2026-07-06 15:03:10,245	[INFO]	(gateway.py:85)on_message	[botpy] 机器人「蓝晴-测试中」启动成功！
2026-07-06 15:03:10,245	[INFO]	(gateway.py:223)_send_heart	[botpy] 心跳维持启动...
2026-07-06 15:03:10,247	[INFO]	(registry.py:41)load_all	已加载插件 basic v1.0.0
2026-07-06 15:03:10,248	[INFO]	(registry.py:41)load_all	已加载插件 jrrp v1.0.0
2026-07-06 15:03:10,269	[INFO]	(registry.py:41)load_all	已加载插件 tarot v1.0.0
2026-07-06 15:03:10,269	[INFO]	(client.py:18)on_ready	机器人「蓝晴-测试中」已上线，已加载插件: basic, jrrp, tarot
2026-07-06 15:03:16,793	[INFO]	(message.py:44)handle_group_at_message	[群聊] 57F2923E9BA2C2F30706B6A875E2DC0C: 占卜
2026-07-06 15:03:16,794	[INFO]	(registry.py:72)dispatch	[插件:tarot] 处理 占卜
2026-07-06 15:03:18,146	[INFO]	(group.py:27)upload_group_image	[media] 群图片上传成功 file_uuid=EhQWA66k8sIaCWgBdB92uzGQLOMdrRiwSiD_Ciji_L_wvb2VAzIEcHJvZFCAvaMBWhDPzDK28Cb6VyZxYDGQ5tXuegIPFoIBAmd6
2026-07-06 15:12:34,912	[INFO]	(client.py:162)_bot_login	[botpy] 登录机器人账号中...
2026-07-06 15:12:34,994	[INFO]	(robot.py:65)update_access_token	[botpy] access_token expires_in 5937
2026-07-06 15:12:35,300	[INFO]	(client.py:181)_bot_init	[botpy] 程序启动...
2026-07-06 15:12:35,300	[INFO]	(connection.py:60)multi_run	[botpy] 最大并发连接数: 1, 启动会话数: 1
2026-07-06 15:12:35,300	[INFO]	(client.py:242)bot_connect	[botpy] 会话启动中...
2026-07-06 15:12:35,300	[INFO]	(gateway.py:115)ws_connect	[botpy] 启动中...
2026-07-06 15:12:35,350	[INFO]	(gateway.py:142)ws_identify	[botpy] 鉴权中...
2026-07-06 15:12:35,449	[INFO]	(gateway.py:85)on_message	[botpy] 机器人「蓝晴-测试中」启动成功！
2026-07-06 15:12:35,449	[INFO]	(gateway.py:223)_send_heart	[botpy] 心跳维持启动...
2026-07-06 15:12:35,451	[INFO]	(registry.py:41)load_all	已加载插件 basic v1.0.0
2026-07-06 15:12:35,452	[INFO]	(registry.py:41)load_all	已加载插件 jrrp v1.0.0
2026-07-06 15:12:35,465	[INFO]	(registry.py:41)load_all	已加载插件 tarot v1.0.0
2026-07-06 15:12:35,465	[INFO]	(client.py:18)on_ready	机器人「蓝晴-测试中」已上线，已加载插件: basic, jrrp, tarot
2026-07-06 15:22:41,054	[INFO]	(client.py:162)_bot_login	[botpy] 登录机器人账号中...
2026-07-06 15:22:41,149	[INFO]	(robot.py:65)update_access_token	[botpy] access_token expires_in 5331
2026-07-06 15:22:41,415	[INFO]	(client.py:181)_bot_init	[botpy] 程序启动...
2026-07-06 15:22:41,415	[INFO]	(connection.py:60)multi_run	[botpy] 最大并发连接数: 1, 启动会话数: 1
2026-07-06 15:22:41,416	[INFO]	(client.py:242)bot_connect	[botpy] 会话启动中...
2026-07-06 15:22:41,416	[INFO]	(gateway.py:115)ws_connect	[botpy] 启动中...
2026-07-06 15:22:41,462	[INFO]	(gateway.py:142)ws_identify	[botpy] 鉴权中...
2026-07-06 15:22:41,569	[INFO]	(gateway.py:85)on_message	[botpy] 机器人「蓝晴-测试中」启动成功！
2026-07-06 15:22:41,569	[INFO]	(gateway.py:223)_send_heart	[botpy] 心跳维持启动...
2026-07-06 15:22:41,573	[INFO]	(registry.py:41)load_all	已加载插件 basic v1.0.0
2026-07-06 15:22:41,574	[INFO]	(registry.py:41)load_all	已加载插件 jrrp v1.0.0
2026-07-06 15:22:41,588	[INFO]	(registry.py:41)load_all	已加载插件 tarot v1.0.0
2026-07-06 15:22:41,589	[INFO]	(client.py:18)on_ready	机器人「蓝晴-测试中」已上线，已加载插件: basic, jrrp, tarot
2026-07-06 15:22:50,122	[INFO]	(message.py:44)handle_group_at_message	[群聊] 57F2923E9BA2C2F30706B6A875E2DC0C: 占卜
2026-07-06 15:22:50,123	[INFO]	(registry.py:72)dispatch	[插件:tarot] 处理 占卜
2026-07-06 15:23:00,207	[INFO]	(message.py:44)handle_group_at_message	[群聊] 57F2923E9BA2C2F30706B6A875E2DC0C: 占卜
2026-07-06 15:23:00,207	[INFO]	(registry.py:72)dispatch	[插件:tarot] 处理 占卜
2026-07-06 15:37:18,000	[INFO]	(message.py:44)handle_group_at_message	[群聊] A111A156DB40D2DCE2ABACF757F23279: 今日人品
2026-07-06 15:37:18,000	[INFO]	(registry.py:72)dispatch	[插件:jrrp] 处理 今日人品
2026-07-06 15:37:27,536	[INFO]	(message.py:44)handle_group_at_message	[群聊] A111A156DB40D2DCE2ABACF757F23279: 今日人品
2026-07-06 15:37:27,536	[INFO]	(registry.py:72)dispatch	[插件:jrrp] 处理 今日人品
2026-07-06 15:37:37,591	[INFO]	(message.py:44)handle_group_at_message	[群聊] A111A156DB40D2DCE2ABACF757F23279: 今日人品
2026-07-06 15:37:37,592	[INFO]	(registry.py:72)dispatch	[插件:jrrp] 处理 今日人品
2026-07-06 15:37:47,695	[INFO]	(message.py:44)handle_group_at_message	[群聊] A111A156DB40D2DCE2ABACF757F23279: 今日人品
2026-07-06 15:37:47,695	[INFO]	(registry.py:72)dispatch	[插件:jrrp] 处理 今日人品
2026-07-06 15:37:57,296	[INFO]	(message.py:44)handle_group_at_message	[群聊] A111A156DB40D2DCE2ABACF757F23279: 今日人品
2026-07-06 15:37:57,296	[INFO]	(registry.py:72)dispatch	[插件:jrrp] 处理 今日人品
2026-07-06 15:38:07,950	[INFO]	(message.py:44)handle_group_at_message	[群聊] A111A156DB40D2DCE2ABACF757F23279: 今日人品
2026-07-06 15:38:07,952	[INFO]	(registry.py:72)dispatch	[插件:jrrp] 处理 今日人品
2026-07-06 15:38:17,754	[INFO]	(message.py:44)handle_group_at_message	[群聊] A111A156DB40D2DCE2ABACF757F23279: 今日人品
2026-07-06 15:38:17,755	[INFO]	(registry.py:72)dispatch	[插件:jrrp] 处理 今日人品
2026-07-06 15:38:27,326	[INFO]	(message.py:44)handle_group_at_message	[群聊] A111A156DB40D2DCE2ABACF757F23279: 今日人品
2026-07-06 15:38:27,327	[INFO]	(registry.py:72)dispatch	[插件:jrrp] 处理 今日人品
2026-07-06 15:38:37,898	[INFO]	(message.py:44)handle_group_at_message	[群聊] A111A156DB40D2DCE2ABACF757F23279: 今日人品
2026-07-06 15:38:37,899	[INFO]	(registry.py:72)dispatch	[插件:jrrp] 处理 今日人品
2026-07-06 15:38:47,498	[INFO]	(message.py:44)handle_group_at_message	[群聊] A111A156DB40D2DCE2ABACF757F23279: 今日人品
2026-07-06 15:38:47,498	[INFO]	(registry.py:72)dispatch	[插件:jrrp] 处理 今日人品
2026-07-06 15:38:57,540	[INFO]	(message.py:44)handle_group_at_message	[群聊] A111A156DB40D2DCE2ABACF757F23279: 今日人品
2026-07-06 15:38:57,540	[INFO]	(registry.py:72)dispatch	[插件:jrrp] 处理 今日人品
2026-07-06 15:39:08,105	[INFO]	(message.py:44)handle_group_at_message	[群聊] A111A156DB40D2DCE2ABACF757F23279: 今日人品
2026-07-06 15:39:08,105	[INFO]	(registry.py:72)dispatch	[插件:jrrp] 处理 今日人品
2026-07-06 15:39:17,658	[INFO]	(message.py:44)handle_group_at_message	[群聊] A111A156DB40D2DCE2ABACF757F23279: 今日人品
2026-07-06 15:39:17,658	[INFO]	(registry.py:72)dispatch	[插件:jrrp] 处理 今日人品
2026-07-06 15:39:27,735	[INFO]	(message.py:44)handle_group_at_message	[群聊] A111A156DB40D2DCE2ABACF757F23279: 今日人品
2026-07-06 15:39:27,735	[INFO]	(registry.py:72)dispatch	[插件:jrrp] 处理 今日人品
2026-07-06 15:39:37,298	[INFO]	(message.py:44)handle_group_at_message	[群聊] A111A156DB40D2DCE2ABACF757F23279: 今日人品
2026-07-06 15:39:37,298	[INFO]	(registry.py:72)dispatch	[插件:jrrp] 处理 今日人品
2026-07-06 15:39:38,816	[INFO]	(message.py:44)handle_group_at_message	[群聊] A111A156DB40D2DCE2ABACF757F23279: 占卜
2026-07-06 15:39:38,818	[INFO]	(registry.py:72)dispatch	[插件:tarot] 处理 占卜
2026-07-06 15:39:47,878	[INFO]	(message.py:44)handle_group_at_message	[群聊] A111A156DB40D2DCE2ABACF757F23279: 占卜
2026-07-06 15:39:47,878	[INFO]	(registry.py:72)dispatch	[插件:tarot] 处理 占卜
2026-07-06 15:39:57,474	[INFO]	(message.py:44)handle_group_at_message	[群聊] A111A156DB40D2DCE2ABACF757F23279: 占卜
2026-07-06 15:39:57,474	[INFO]	(registry.py:72)dispatch	[插件:tarot] 处理 占卜
2026-07-06 15:40:09,045	[INFO]	(message.py:44)handle_group_at_message	[群聊] A111A156DB40D2DCE2ABACF757F23279: 占卜
2026-07-06 15:40:09,046	[INFO]	(registry.py:72)dispatch	[插件:tarot] 处理 占卜
2026-07-06 15:40:17,596	[INFO]	(message.py:44)handle_group_at_message	[群聊] A111A156DB40D2DCE2ABACF757F23279: 占卜
2026-07-06 15:40:17,597	[INFO]	(registry.py:72)dispatch	[插件:tarot] 处理 占卜
2026-07-06 15:40:17,926	[ERROR]	(message.py:29)_reply	发送图片失败，降级为纯文字: Cannot connect to host api.sgroup.qq.com:443 ssl:default [getaddrinfo failed]
2026-07-06 15:40:27,667	[INFO]	(message.py:44)handle_group_at_message	[群聊] A111A156DB40D2DCE2ABACF757F23279: 占卜
2026-07-06 15:40:27,667	[INFO]	(registry.py:72)dispatch	[插件:tarot] 处理 占卜
2026-07-06 15:40:37,733	[INFO]	(message.py:44)handle_group_at_message	[群聊] A111A156DB40D2DCE2ABACF757F23279: 占卜
2026-07-06 15:40:37,734	[INFO]	(registry.py:72)dispatch	[插件:tarot] 处理 占卜
2026-07-06 15:40:47,810	[INFO]	(message.py:44)handle_group_at_message	[群聊] A111A156DB40D2DCE2ABACF757F23279: 占卜
2026-07-06 15:40:47,811	[INFO]	(registry.py:72)dispatch	[插件:tarot] 处理 占卜
2026-07-06 15:40:57,390	[INFO]	(message.py:44)handle_group_at_message	[群聊] A111A156DB40D2DCE2ABACF757F23279: 占卜
2026-07-06 15:40:57,391	[INFO]	(registry.py:72)dispatch	[插件:tarot] 处理 占卜
2026-07-06 15:41:07,449	[INFO]	(message.py:44)handle_group_at_message	[群聊] A111A156DB40D2DCE2ABACF757F23279: 占卜
2026-07-06 15:41:07,450	[INFO]	(registry.py:72)dispatch	[插件:tarot] 处理 占卜
2026-07-06 15:41:17,533	[INFO]	(message.py:44)handle_group_at_message	[群聊] A111A156DB40D2DCE2ABACF757F23279: 占卜
2026-07-06 15:41:17,534	[INFO]	(registry.py:72)dispatch	[插件:tarot] 处理 占卜
2026-07-06 15:41:27,604	[INFO]	(message.py:44)handle_group_at_message	[群聊] A111A156DB40D2DCE2ABACF757F23279: 占卜
2026-07-06 15:41:27,605	[INFO]	(registry.py:72)dispatch	[插件:tarot] 处理 占卜
2026-07-06 15:41:37,672	[INFO]	(message.py:44)handle_group_at_message	[群聊] A111A156DB40D2DCE2ABACF757F23279: 占卜
2026-07-06 15:41:37,674	[INFO]	(registry.py:72)dispatch	[插件:tarot] 处理 占卜
2026-07-06 15:41:47,736	[INFO]	(message.py:44)handle_group_at_message	[群聊] A111A156DB40D2DCE2ABACF757F23279: 占卜
2026-07-06 15:41:47,739	[INFO]	(registry.py:72)dispatch	[插件:tarot] 处理 占卜
2026-07-06 15:41:57,288	[INFO]	(message.py:44)handle_group_at_message	[群聊] A111A156DB40D2DCE2ABACF757F23279: 占卜
2026-07-06 15:41:57,288	[INFO]	(registry.py:72)dispatch	[插件:tarot] 处理 占卜
2026-07-06 15:52:41,376	[INFO]	(gateway.py:56)on_closed	[botpy] 关闭, 返回码: 4009, 返回信息: Session timed out
2026-07-06 15:52:41,377	[INFO]	(gateway.py:134)ws_connect	[botpy] ws关闭, 停止接收消息!
2026-07-06 15:52:46,385	[INFO]	(connection.py:60)multi_run	[botpy] 最大并发连接数: 1, 启动会话数: 1
2026-07-06 15:52:46,386	[INFO]	(client.py:242)bot_connect	[botpy] 会话启动中...
2026-07-06 15:52:46,386	[INFO]	(gateway.py:115)ws_connect	[botpy] 启动中...
2026-07-06 15:52:46,456	[INFO]	(gateway.py:175)ws_resume	[botpy] 重连启动...
2026-07-06 15:52:46,527	[INFO]	(gateway.py:90)on_message	[botpy] 机器人重连成功! 
2026-07-06 15:52:46,527	[INFO]	(gateway.py:223)_send_heart	[botpy] 心跳维持启动...
2026-07-06 16:22:46,362	[INFO]	(gateway.py:56)on_closed	[botpy] 关闭, 返回码: 4009, 返回信息: Session timed out
2026-07-06 16:22:46,362	[INFO]	(gateway.py:134)ws_connect	[botpy] ws关闭, 停止接收消息!
2026-07-06 16:22:51,375	[INFO]	(connection.py:60)multi_run	[botpy] 最大并发连接数: 1, 启动会话数: 1
2026-07-06 16:22:51,376	[INFO]	(client.py:242)bot_connect	[botpy] 会话启动中...
2026-07-06 16:22:51,377	[INFO]	(gateway.py:115)ws_connect	[botpy] 启动中...
2026-07-06 16:22:51,445	[INFO]	(gateway.py:175)ws_resume	[botpy] 重连启动...
2026-07-06 16:22:51,502	[INFO]	(gateway.py:90)on_message	[botpy] 机器人重连成功! 
2026-07-06 16:22:51,502	[INFO]	(gateway.py:223)_send_heart	[botpy] 心跳维持启动...
2026-07-06 16:52:51,353	[INFO]	(gateway.py:56)on_closed	[botpy] 关闭, 返回码: 4009, 返回信息: Session timed out
2026-07-06 16:52:51,354	[INFO]	(gateway.py:134)ws_connect	[botpy] ws关闭, 停止接收消息!
2026-07-06 16:52:56,363	[INFO]	(connection.py:60)multi_run	[botpy] 最大并发连接数: 1, 启动会话数: 1
2026-07-06 16:52:56,364	[INFO]	(client.py:242)bot_connect	[botpy] 会话启动中...
2026-07-06 16:52:56,364	[INFO]	(gateway.py:115)ws_connect	[botpy] 启动中...
2026-07-06 16:52:56,408	[INFO]	(gateway.py:175)ws_resume	[botpy] 重连启动...
2026-07-06 16:52:56,499	[INFO]	(robot.py:65)update_access_token	[botpy] access_token expires_in 7200
2026-07-06 16:52:56,555	[INFO]	(gateway.py:90)on_message	[botpy] 机器人重连成功! 
2026-07-06 16:52:56,555	[INFO]	(gateway.py:223)_send_heart	[botpy] 心跳维持启动...
2026-07-06 17:22:56,320	[INFO]	(gateway.py:56)on_closed	[botpy] 关闭, 返回码: 4009, 返回信息: Session timed out
2026-07-06 17:22:56,322	[INFO]	(gateway.py:134)ws_connect	[botpy] ws关闭, 停止接收消息!
2026-07-06 17:23:01,345	[INFO]	(connection.py:60)multi_run	[botpy] 最大并发连接数: 1, 启动会话数: 1
2026-07-06 17:23:01,345	[INFO]	(client.py:242)bot_connect	[botpy] 会话启动中...
2026-07-06 17:23:01,346	[INFO]	(gateway.py:115)ws_connect	[botpy] 启动中...
2026-07-06 17:23:01,394	[INFO]	(gateway.py:175)ws_resume	[botpy] 重连启动...
2026-07-06 17:23:01,448	[INFO]	(gateway.py:90)on_message	[botpy] 机器人重连成功! 
2026-07-06 17:23:01,449	[INFO]	(gateway.py:223)_send_heart	[botpy] 心跳维持启动...
2026-07-06 17:53:01,305	[INFO]	(gateway.py:56)on_closed	[botpy] 关闭, 返回码: 4009, 返回信息: Session timed out
2026-07-06 17:53:01,306	[INFO]	(gateway.py:134)ws_connect	[botpy] ws关闭, 停止接收消息!
2026-07-06 17:53:06,335	[INFO]	(connection.py:60)multi_run	[botpy] 最大并发连接数: 1, 启动会话数: 1
2026-07-06 17:53:06,336	[INFO]	(client.py:242)bot_connect	[botpy] 会话启动中...
2026-07-06 17:53:06,337	[INFO]	(gateway.py:115)ws_connect	[botpy] 启动中...
2026-07-06 17:53:06,387	[INFO]	(gateway.py:175)ws_resume	[botpy] 重连启动...
2026-07-06 17:53:06,451	[INFO]	(gateway.py:90)on_message	[botpy] 机器人重连成功! 
2026-07-06 17:53:06,452	[INFO]	(gateway.py:223)_send_heart	[botpy] 心跳维持启动...
2026-07-06 18:23:06,299	[INFO]	(gateway.py:56)on_closed	[botpy] 关闭, 返回码: 4009, 返回信息: Session timed out
2026-07-06 18:23:06,310	[INFO]	(gateway.py:134)ws_connect	[botpy] ws关闭, 停止接收消息!
2026-07-06 18:23:11,324	[INFO]	(connection.py:60)multi_run	[botpy] 最大并发连接数: 1, 启动会话数: 1
2026-07-06 18:23:11,325	[INFO]	(client.py:242)bot_connect	[botpy] 会话启动中...
2026-07-06 18:23:11,325	[INFO]	(gateway.py:115)ws_connect	[botpy] 启动中...
2026-07-06 18:23:11,404	[INFO]	(gateway.py:175)ws_resume	[botpy] 重连启动...
2026-07-06 18:23:11,471	[INFO]	(gateway.py:90)on_message	[botpy] 机器人重连成功! 
2026-07-06 18:23:11,471	[INFO]	(gateway.py:223)_send_heart	[botpy] 心跳维持启动...
2026-07-06 20:17:36,408	[INFO]	(client.py:162)_bot_login	[botpy] 登录机器人账号中...
2026-07-06 20:17:38,478	[INFO]	(robot.py:65)update_access_token	[botpy] access_token expires_in 7200
2026-07-06 20:17:39,210	[INFO]	(client.py:181)_bot_init	[botpy] 程序启动...
2026-07-06 20:17:39,211	[INFO]	(connection.py:60)multi_run	[botpy] 最大并发连接数: 1, 启动会话数: 1
2026-07-06 20:17:39,211	[INFO]	(client.py:242)bot_connect	[botpy] 会话启动中...
2026-07-06 20:17:39,211	[INFO]	(gateway.py:115)ws_connect	[botpy] 启动中...
2026-07-06 20:17:39,503	[INFO]	(gateway.py:142)ws_identify	[botpy] 鉴权中...
2026-07-06 20:17:39,617	[INFO]	(gateway.py:85)on_message	[botpy] 机器人「蓝晴-测试中」启动成功！
2026-07-06 20:17:39,617	[INFO]	(gateway.py:223)_send_heart	[botpy] 心跳维持启动...
2026-07-06 20:17:42,973	[INFO]	(registry.py:41)load_all	已加载插件 anime_waifu v1.0.0
2026-07-06 20:17:43,079	[INFO]	(registry.py:41)load_all	已加载插件 basic v1.0.0
2026-07-06 20:17:43,654	[INFO]	(registry.py:41)load_all	已加载插件 fortune v1.0.0
2026-07-06 20:17:43,928	[INFO]	(registry.py:41)load_all	已加载插件 jrrp v1.0.0
2026-07-06 20:17:55,772	[INFO]	(registry.py:41)load_all	已加载插件 phoebe v1.0.0
2026-07-06 20:17:56,094	[INFO]	(registry.py:41)load_all	已加载插件 rollpig v1.0.0
2026-07-06 20:17:56,316	[INFO]	(registry.py:41)load_all	已加载插件 roulette v1.0.0
2026-07-06 20:17:56,527	[INFO]	(registry.py:41)load_all	已加载插件 tarot v1.0.0
2026-07-06 20:17:56,817	[INFO]	(registry.py:41)load_all	已加载插件 waifu v1.0.0
2026-07-06 20:17:56,952	[INFO]	(registry.py:41)load_all	已加载插件 workclock v1.0.0
2026-07-06 20:17:56,952	[INFO]	(client.py:18)on_ready	机器人「蓝晴-测试中」已上线，已加载插件: anime_waifu, basic, fortune, jrrp, phoebe, rollpig, roulette, tarot, waifu, workclock
2026-07-06 20:47:39,171	[INFO]	(gateway.py:56)on_closed	[botpy] 关闭, 返回码: 4009, 返回信息: Session timed out
2026-07-06 20:47:39,171	[INFO]	(gateway.py:134)ws_connect	[botpy] ws关闭, 停止接收消息!
2026-07-06 20:47:44,180	[INFO]	(connection.py:60)multi_run	[botpy] 最大并发连接数: 1, 启动会话数: 1
2026-07-06 20:47:44,183	[INFO]	(client.py:242)bot_connect	[botpy] 会话启动中...
2026-07-06 20:47:44,184	[INFO]	(gateway.py:115)ws_connect	[botpy] 启动中...
2026-07-06 20:47:44,256	[INFO]	(gateway.py:175)ws_resume	[botpy] 重连启动...
2026-07-06 20:47:44,321	[INFO]	(gateway.py:90)on_message	[botpy] 机器人重连成功! 
2026-07-06 20:47:44,321	[INFO]	(gateway.py:223)_send_heart	[botpy] 心跳维持启动...
2026-07-06 21:17:44,165	[INFO]	(gateway.py:56)on_closed	[botpy] 关闭, 返回码: 4009, 返回信息: Session timed out
2026-07-06 21:17:44,166	[INFO]	(gateway.py:134)ws_connect	[botpy] ws关闭, 停止接收消息!
2026-07-06 21:17:49,181	[INFO]	(connection.py:60)multi_run	[botpy] 最大并发连接数: 1, 启动会话数: 1
2026-07-06 21:17:49,182	[INFO]	(client.py:242)bot_connect	[botpy] 会话启动中...
2026-07-06 21:17:49,183	[INFO]	(gateway.py:115)ws_connect	[botpy] 启动中...
2026-07-06 21:17:49,209	[ERROR]	(gateway.py:51)on_error	[botpy] websocket连接: None, 异常信息 : Cannot connect to host api.sgroup.qq.com:443 ssl:default [getaddrinfo failed]
2026-07-06 21:17:54,523	[INFO]	(connection.py:60)multi_run	[botpy] 最大并发连接数: 1, 启动会话数: 1
2026-07-06 21:17:54,525	[INFO]	(client.py:242)bot_connect	[botpy] 会话启动中...
2026-07-06 21:17:54,526	[INFO]	(gateway.py:115)ws_connect	[botpy] 启动中...
2026-07-06 21:17:54,620	[INFO]	(gateway.py:175)ws_resume	[botpy] 重连启动...
2026-07-06 21:17:54,679	[INFO]	(gateway.py:90)on_message	[botpy] 机器人重连成功! 
2026-07-06 21:17:54,679	[INFO]	(gateway.py:223)_send_heart	[botpy] 心跳维持启动...
2026-07-06 21:25:58,961	[INFO]	(message.py:52)handle_group_at_message	[群聊] 57F2923E9BA2C2F30706B6A875E2DC0C: 上班
2026-07-06 21:25:58,961	[INFO]	(registry.py:72)dispatch	[插件:workclock] 处理 上班
2026-07-06 21:26:29,193	[INFO]	(message.py:52)handle_group_at_message	[群聊] 57F2923E9BA2C2F30706B6A875E2DC0C: 下班
2026-07-06 21:26:29,193	[INFO]	(registry.py:72)dispatch	[插件:workclock] 处理 下班
2026-07-06 21:30:01,986	[INFO]	(message.py:52)handle_group_at_message	[群聊] 57F2923E9BA2C2F30706B6A875E2DC0C: 今日小猪
2026-07-06 21:30:01,987	[INFO]	(registry.py:72)dispatch	[插件:rollpig] 处理 今日小猪
2026-07-06 21:30:29,660	[INFO]	(message.py:52)handle_group_at_message	[群聊] 57F2923E9BA2C2F30706B6A875E2DC0C: 轮盘赌
2026-07-06 21:30:29,661	[INFO]	(registry.py:72)dispatch	[插件:roulette] 处理 轮盘赌
2026-07-06 21:30:37,219	[INFO]	(message.py:52)handle_group_at_message	[群聊] 57F2923E9BA2C2F30706B6A875E2DC0C: 轮盘赌
2026-07-06 21:30:37,219	[INFO]	(registry.py:72)dispatch	[插件:roulette] 处理 轮盘赌
2026-07-06 21:47:54,543	[INFO]	(gateway.py:56)on_closed	[botpy] 关闭, 返回码: 4009, 返回信息: Session timed out
2026-07-06 21:47:54,543	[INFO]	(gateway.py:134)ws_connect	[botpy] ws关闭, 停止接收消息!
2026-07-06 21:47:59,556	[INFO]	(connection.py:60)multi_run	[botpy] 最大并发连接数: 1, 启动会话数: 1
2026-07-06 21:47:59,557	[INFO]	(client.py:242)bot_connect	[botpy] 会话启动中...
2026-07-06 21:47:59,557	[INFO]	(gateway.py:115)ws_connect	[botpy] 启动中...
2026-07-06 21:47:59,605	[INFO]	(gateway.py:175)ws_resume	[botpy] 重连启动...
2026-07-06 21:47:59,678	[INFO]	(gateway.py:90)on_message	[botpy] 机器人重连成功! 
2026-07-06 21:47:59,678	[INFO]	(gateway.py:223)_send_heart	[botpy] 心跳维持启动...
2026-07-06 22:17:59,516	[INFO]	(gateway.py:56)on_closed	[botpy] 关闭, 返回码: 4009, 返回信息: Session timed out
2026-07-06 22:17:59,516	[INFO]	(gateway.py:134)ws_connect	[botpy] ws关闭, 停止接收消息!
2026-07-06 22:18:04,515	[INFO]	(connection.py:60)multi_run	[botpy] 最大并发连接数: 1, 启动会话数: 1
2026-07-06 22:18:04,518	[INFO]	(client.py:242)bot_connect	[botpy] 会话启动中...
2026-07-06 22:18:04,518	[INFO]	(gateway.py:115)ws_connect	[botpy] 启动中...
2026-07-06 22:18:04,575	[INFO]	(gateway.py:175)ws_resume	[botpy] 重连启动...
2026-07-06 22:18:04,651	[INFO]	(robot.py:65)update_access_token	[botpy] access_token expires_in 7200
2026-07-06 22:18:04,731	[INFO]	(gateway.py:90)on_message	[botpy] 机器人重连成功! 
2026-07-06 22:18:04,732	[INFO]	(gateway.py:223)_send_heart	[botpy] 心跳维持启动...
2026-07-06 22:48:04,500	[INFO]	(gateway.py:56)on_closed	[botpy] 关闭, 返回码: 4009, 返回信息: Session timed out
2026-07-06 22:48:04,500	[INFO]	(gateway.py:134)ws_connect	[botpy] ws关闭, 停止接收消息!
2026-07-06 22:48:09,503	[INFO]	(connection.py:60)multi_run	[botpy] 最大并发连接数: 1, 启动会话数: 1
2026-07-06 22:48:09,504	[INFO]	(client.py:242)bot_connect	[botpy] 会话启动中...
2026-07-06 22:48:09,504	[INFO]	(gateway.py:115)ws_connect	[botpy] 启动中...
2026-07-06 22:48:09,561	[INFO]	(gateway.py:175)ws_resume	[botpy] 重连启动...
2026-07-06 22:48:09,624	[INFO]	(gateway.py:90)on_message	[botpy] 机器人重连成功! 
2026-07-06 22:48:09,624	[INFO]	(gateway.py:223)_send_heart	[botpy] 心跳维持启动...
2026-07-06 23:18:09,473	[INFO]	(gateway.py:56)on_closed	[botpy] 关闭, 返回码: 4009, 返回信息: Session timed out
2026-07-06 23:18:09,473	[INFO]	(gateway.py:134)ws_connect	[botpy] ws关闭, 停止接收消息!
2026-07-06 23:18:14,488	[INFO]	(connection.py:60)multi_run	[botpy] 最大并发连接数: 1, 启动会话数: 1
2026-07-06 23:18:14,489	[INFO]	(client.py:242)bot_connect	[botpy] 会话启动中...
2026-07-06 23:18:14,489	[INFO]	(gateway.py:115)ws_connect	[botpy] 启动中...
2026-07-06 23:18:14,540	[INFO]	(gateway.py:175)ws_resume	[botpy] 重连启动...
2026-07-06 23:18:14,607	[INFO]	(gateway.py:90)on_message	[botpy] 机器人重连成功! 
2026-07-06 23:18:14,607	[INFO]	(gateway.py:223)_send_heart	[botpy] 心跳维持启动...
2026-07-06 23:48:14,453	[INFO]	(gateway.py:56)on_closed	[botpy] 关闭, 返回码: 4009, 返回信息: Session timed out
2026-07-06 23:48:14,453	[INFO]	(gateway.py:134)ws_connect	[botpy] ws关闭, 停止接收消息!
2026-07-06 23:48:19,468	[INFO]	(connection.py:60)multi_run	[botpy] 最大并发连接数: 1, 启动会话数: 1
2026-07-06 23:48:19,469	[INFO]	(client.py:242)bot_connect	[botpy] 会话启动中...
2026-07-06 23:48:19,470	[INFO]	(gateway.py:115)ws_connect	[botpy] 启动中...
2026-07-06 23:48:19,525	[INFO]	(gateway.py:175)ws_resume	[botpy] 重连启动...
2026-07-06 23:48:19,598	[INFO]	(gateway.py:90)on_message	[botpy] 机器人重连成功! 
2026-07-06 23:48:19,600	[INFO]	(gateway.py:223)_send_heart	[botpy] 心跳维持启动...
2026-07-07 00:18:19,437	[INFO]	(gateway.py:56)on_closed	[botpy] 关闭, 返回码: 4009, 返回信息: Session timed out
2026-07-07 00:18:19,438	[INFO]	(gateway.py:134)ws_connect	[botpy] ws关闭, 停止接收消息!
2026-07-07 00:18:24,435	[INFO]	(connection.py:60)multi_run	[botpy] 最大并发连接数: 1, 启动会话数: 1
2026-07-07 00:18:24,437	[INFO]	(client.py:242)bot_connect	[botpy] 会话启动中...
2026-07-07 00:18:24,438	[INFO]	(gateway.py:115)ws_connect	[botpy] 启动中...
2026-07-07 00:18:24,489	[INFO]	(gateway.py:175)ws_resume	[botpy] 重连启动...
2026-07-07 00:18:24,566	[INFO]	(robot.py:65)update_access_token	[botpy] access_token expires_in 7200
2026-07-07 00:18:24,624	[INFO]	(gateway.py:90)on_message	[botpy] 机器人重连成功! 
2026-07-07 00:18:24,625	[INFO]	(gateway.py:223)_send_heart	[botpy] 心跳维持启动...
2026-07-07 00:48:24,401	[INFO]	(gateway.py:56)on_closed	[botpy] 关闭, 返回码: 4009, 返回信息: Session timed out
2026-07-07 00:48:24,402	[INFO]	(gateway.py:134)ws_connect	[botpy] ws关闭, 停止接收消息!
2026-07-07 00:48:29,411	[INFO]	(connection.py:60)multi_run	[botpy] 最大并发连接数: 1, 启动会话数: 1
2026-07-07 00:48:29,412	[INFO]	(client.py:242)bot_connect	[botpy] 会话启动中...
2026-07-07 00:48:29,412	[INFO]	(gateway.py:115)ws_connect	[botpy] 启动中...
2026-07-07 00:48:29,468	[INFO]	(gateway.py:175)ws_resume	[botpy] 重连启动...
2026-07-07 00:48:29,526	[INFO]	(gateway.py:90)on_message	[botpy] 机器人重连成功! 
2026-07-07 00:48:29,527	[INFO]	(gateway.py:223)_send_heart	[botpy] 心跳维持启动...
2026-07-07 01:18:29,380	[INFO]	(gateway.py:56)on_closed	[botpy] 关闭, 返回码: 4009, 返回信息: Session timed out
2026-07-07 01:18:29,380	[INFO]	(gateway.py:134)ws_connect	[botpy] ws关闭, 停止接收消息!
2026-07-07 01:18:34,403	[INFO]	(connection.py:60)multi_run	[botpy] 最大并发连接数: 1, 启动会话数: 1
2026-07-07 01:18:34,408	[INFO]	(client.py:242)bot_connect	[botpy] 会话启动中...
2026-07-07 01:18:34,408	[INFO]	(gateway.py:115)ws_connect	[botpy] 启动中...
2026-07-07 01:18:34,419	[ERROR]	(gateway.py:51)on_error	[botpy] websocket连接: None, 异常信息 : Cannot connect to host api.sgroup.qq.com:443 ssl:default [getaddrinfo failed]
2026-07-07 01:18:39,432	[INFO]	(connection.py:60)multi_run	[botpy] 最大并发连接数: 1, 启动会话数: 1
2026-07-07 01:18:39,433	[INFO]	(client.py:242)bot_connect	[botpy] 会话启动中...
2026-07-07 01:18:39,433	[INFO]	(gateway.py:115)ws_connect	[botpy] 启动中...
2026-07-07 01:18:39,481	[INFO]	(gateway.py:175)ws_resume	[botpy] 重连启动...
2026-07-07 01:18:39,529	[INFO]	(gateway.py:90)on_message	[botpy] 机器人重连成功! 
2026-07-07 01:18:39,530	[INFO]	(gateway.py:223)_send_heart	[botpy] 心跳维持启动...
2026-07-07 01:48:39,394	[INFO]	(gateway.py:56)on_closed	[botpy] 关闭, 返回码: 4009, 返回信息: Session timed out
2026-07-07 01:48:39,394	[INFO]	(gateway.py:134)ws_connect	[botpy] ws关闭, 停止接收消息!
2026-07-07 01:48:44,420	[INFO]	(connection.py:60)multi_run	[botpy] 最大并发连接数: 1, 启动会话数: 1
2026-07-07 01:48:44,421	[INFO]	(client.py:242)bot_connect	[botpy] 会话启动中...
2026-07-07 01:48:44,421	[INFO]	(gateway.py:115)ws_connect	[botpy] 启动中...
2026-07-07 01:48:44,473	[INFO]	(gateway.py:175)ws_resume	[botpy] 重连启动...
2026-07-07 01:48:44,532	[INFO]	(gateway.py:90)on_message	[botpy] 机器人重连成功! 
2026-07-07 01:48:44,532	[INFO]	(gateway.py:223)_send_heart	[botpy] 心跳维持启动...
2026-07-07 02:18:44,386	[INFO]	(gateway.py:56)on_closed	[botpy] 关闭, 返回码: 4009, 返回信息: Session timed out
2026-07-07 02:18:44,387	[INFO]	(gateway.py:134)ws_connect	[botpy] ws关闭, 停止接收消息!
2026-07-07 02:18:49,389	[INFO]	(connection.py:60)multi_run	[botpy] 最大并发连接数: 1, 启动会话数: 1
2026-07-07 02:18:49,389	[INFO]	(client.py:242)bot_connect	[botpy] 会话启动中...
2026-07-07 02:18:49,389	[INFO]	(gateway.py:115)ws_connect	[botpy] 启动中...
2026-07-07 02:18:49,431	[INFO]	(gateway.py:175)ws_resume	[botpy] 重连启动...
2026-07-07 02:18:49,608	[INFO]	(robot.py:65)update_access_token	[botpy] access_token expires_in 7200
2026-07-07 02:18:49,675	[INFO]	(gateway.py:90)on_message	[botpy] 机器人重连成功! 
2026-07-07 02:18:49,675	[INFO]	(gateway.py:223)_send_heart	[botpy] 心跳维持启动...
2026-07-07 02:48:49,344	[INFO]	(gateway.py:56)on_closed	[botpy] 关闭, 返回码: 4009, 返回信息: Session timed out
2026-07-07 02:48:49,345	[INFO]	(gateway.py:134)ws_connect	[botpy] ws关闭, 停止接收消息!
2026-07-07 02:48:54,351	[INFO]	(connection.py:60)multi_run	[botpy] 最大并发连接数: 1, 启动会话数: 1
2026-07-07 02:48:54,352	[INFO]	(client.py:242)bot_connect	[botpy] 会话启动中...
2026-07-07 02:48:54,353	[INFO]	(gateway.py:115)ws_connect	[botpy] 启动中...
2026-07-07 02:48:54,424	[INFO]	(gateway.py:175)ws_resume	[botpy] 重连启动...
2026-07-07 02:48:54,503	[INFO]	(gateway.py:90)on_message	[botpy] 机器人重连成功! 
2026-07-07 02:48:54,504	[INFO]	(gateway.py:223)_send_heart	[botpy] 心跳维持启动...
2026-07-07 03:18:54,337	[INFO]	(gateway.py:56)on_closed	[botpy] 关闭, 返回码: 4009, 返回信息: Session timed out
2026-07-07 03:18:54,337	[INFO]	(gateway.py:134)ws_connect	[botpy] ws关闭, 停止接收消息!
2026-07-07 03:18:59,338	[INFO]	(connection.py:60)multi_run	[botpy] 最大并发连接数: 1, 启动会话数: 1
2026-07-07 03:18:59,339	[INFO]	(client.py:242)bot_connect	[botpy] 会话启动中...
2026-07-07 03:18:59,339	[INFO]	(gateway.py:115)ws_connect	[botpy] 启动中...
2026-07-07 03:18:59,391	[INFO]	(gateway.py:175)ws_resume	[botpy] 重连启动...
2026-07-07 03:18:59,533	[INFO]	(gateway.py:90)on_message	[botpy] 机器人重连成功! 
2026-07-07 03:18:59,533	[INFO]	(gateway.py:223)_send_heart	[botpy] 心跳维持启动...
2026-07-07 03:48:59,302	[INFO]	(gateway.py:56)on_closed	[botpy] 关闭, 返回码: 4009, 返回信息: Session timed out
2026-07-07 03:48:59,302	[INFO]	(gateway.py:134)ws_connect	[botpy] ws关闭, 停止接收消息!
2026-07-07 03:49:04,304	[INFO]	(connection.py:60)multi_run	[botpy] 最大并发连接数: 1, 启动会话数: 1
2026-07-07 03:49:04,309	[INFO]	(client.py:242)bot_connect	[botpy] 会话启动中...
2026-07-07 03:49:04,310	[INFO]	(gateway.py:115)ws_connect	[botpy] 启动中...
2026-07-07 03:49:04,375	[INFO]	(gateway.py:175)ws_resume	[botpy] 重连启动...
2026-07-07 03:49:04,428	[INFO]	(gateway.py:90)on_message	[botpy] 机器人重连成功! 
2026-07-07 03:49:04,428	[INFO]	(gateway.py:223)_send_heart	[botpy] 心跳维持启动...
2026-07-07 04:19:04,287	[INFO]	(gateway.py:56)on_closed	[botpy] 关闭, 返回码: 4009, 返回信息: Session timed out
2026-07-07 04:19:04,289	[INFO]	(gateway.py:134)ws_connect	[botpy] ws关闭, 停止接收消息!
2026-07-07 04:19:09,300	[INFO]	(connection.py:60)multi_run	[botpy] 最大并发连接数: 1, 启动会话数: 1
2026-07-07 04:19:09,302	[INFO]	(client.py:242)bot_connect	[botpy] 会话启动中...
2026-07-07 04:19:09,302	[INFO]	(gateway.py:115)ws_connect	[botpy] 启动中...
2026-07-07 04:19:09,350	[INFO]	(gateway.py:175)ws_resume	[botpy] 重连启动...
2026-07-07 04:19:09,429	[INFO]	(robot.py:65)update_access_token	[botpy] access_token expires_in 7200
2026-07-07 04:19:09,477	[INFO]	(gateway.py:90)on_message	[botpy] 机器人重连成功! 
2026-07-07 04:19:09,478	[INFO]	(gateway.py:223)_send_heart	[botpy] 心跳维持启动...
2026-07-07 04:49:09,262	[INFO]	(gateway.py:56)on_closed	[botpy] 关闭, 返回码: 4009, 返回信息: Session timed out
2026-07-07 04:49:09,264	[INFO]	(gateway.py:134)ws_connect	[botpy] ws关闭, 停止接收消息!
2026-07-07 04:49:14,264	[INFO]	(connection.py:60)multi_run	[botpy] 最大并发连接数: 1, 启动会话数: 1
2026-07-07 04:49:14,264	[INFO]	(client.py:242)bot_connect	[botpy] 会话启动中...
2026-07-07 04:49:14,265	[INFO]	(gateway.py:115)ws_connect	[botpy] 启动中...
2026-07-07 04:49:14,313	[INFO]	(gateway.py:175)ws_resume	[botpy] 重连启动...
2026-07-07 04:49:14,368	[INFO]	(gateway.py:90)on_message	[botpy] 机器人重连成功! 
2026-07-07 04:49:14,369	[INFO]	(gateway.py:223)_send_heart	[botpy] 心跳维持启动...
2026-07-07 05:19:14,225	[INFO]	(gateway.py:56)on_closed	[botpy] 关闭, 返回码: 4009, 返回信息: Session timed out
2026-07-07 05:19:14,225	[INFO]	(gateway.py:134)ws_connect	[botpy] ws关闭, 停止接收消息!
2026-07-07 05:19:19,236	[INFO]	(connection.py:60)multi_run	[botpy] 最大并发连接数: 1, 启动会话数: 1
2026-07-07 05:19:19,237	[INFO]	(client.py:242)bot_connect	[botpy] 会话启动中...
2026-07-07 05:19:19,238	[INFO]	(gateway.py:115)ws_connect	[botpy] 启动中...
2026-07-07 05:19:19,295	[INFO]	(gateway.py:175)ws_resume	[botpy] 重连启动...
2026-07-07 05:19:19,357	[INFO]	(gateway.py:90)on_message	[botpy] 机器人重连成功! 
2026-07-07 05:19:19,357	[INFO]	(gateway.py:223)_send_heart	[botpy] 心跳维持启动...
2026-07-07 05:49:19,207	[INFO]	(gateway.py:56)on_closed	[botpy] 关闭, 返回码: 4009, 返回信息: Session timed out
2026-07-07 05:49:19,207	[INFO]	(gateway.py:134)ws_connect	[botpy] ws关闭, 停止接收消息!
2026-07-07 05:49:24,236	[INFO]	(connection.py:60)multi_run	[botpy] 最大并发连接数: 1, 启动会话数: 1
2026-07-07 05:49:24,240	[INFO]	(client.py:242)bot_connect	[botpy] 会话启动中...
2026-07-07 05:49:24,240	[INFO]	(gateway.py:115)ws_connect	[botpy] 启动中...
2026-07-07 05:49:24,291	[INFO]	(gateway.py:175)ws_resume	[botpy] 重连启动...
2026-07-07 05:49:24,366	[INFO]	(gateway.py:90)on_message	[botpy] 机器人重连成功! 
2026-07-07 05:49:24,367	[INFO]	(gateway.py:223)_send_heart	[botpy] 心跳维持启动...
2026-07-07 06:19:24,204	[INFO]	(gateway.py:56)on_closed	[botpy] 关闭, 返回码: 4009, 返回信息: Session timed out
2026-07-07 06:19:24,204	[INFO]	(gateway.py:134)ws_connect	[botpy] ws关闭, 停止接收消息!
2026-07-07 06:19:29,205	[INFO]	(connection.py:60)multi_run	[botpy] 最大并发连接数: 1, 启动会话数: 1
2026-07-07 06:19:29,205	[INFO]	(client.py:242)bot_connect	[botpy] 会话启动中...
2026-07-07 06:19:29,206	[INFO]	(gateway.py:115)ws_connect	[botpy] 启动中...
2026-07-07 06:19:29,262	[INFO]	(gateway.py:175)ws_resume	[botpy] 重连启动...
2026-07-07 06:19:29,442	[INFO]	(robot.py:65)update_access_token	[botpy] access_token expires_in 7200
2026-07-07 06:19:29,507	[INFO]	(gateway.py:90)on_message	[botpy] 机器人重连成功! 
2026-07-07 06:19:29,507	[INFO]	(gateway.py:223)_send_heart	[botpy] 心跳维持启动...
2026-07-07 06:49:29,174	[INFO]	(gateway.py:56)on_closed	[botpy] 关闭, 返回码: 4009, 返回信息: Session timed out
2026-07-07 06:49:29,174	[INFO]	(gateway.py:134)ws_connect	[botpy] ws关闭, 停止接收消息!
2026-07-07 06:49:34,187	[INFO]	(connection.py:60)multi_run	[botpy] 最大并发连接数: 1, 启动会话数: 1
2026-07-07 06:49:34,188	[INFO]	(client.py:242)bot_connect	[botpy] 会话启动中...
2026-07-07 06:49:34,188	[INFO]	(gateway.py:115)ws_connect	[botpy] 启动中...
2026-07-07 06:49:34,246	[INFO]	(gateway.py:175)ws_resume	[botpy] 重连启动...
2026-07-07 06:49:34,315	[INFO]	(gateway.py:90)on_message	[botpy] 机器人重连成功! 
2026-07-07 06:49:34,319	[INFO]	(gateway.py:223)_send_heart	[botpy] 心跳维持启动...
2026-07-07 07:19:34,158	[INFO]	(gateway.py:56)on_closed	[botpy] 关闭, 返回码: 4009, 返回信息: Session timed out
2026-07-07 07:19:34,158	[INFO]	(gateway.py:134)ws_connect	[botpy] ws关闭, 停止接收消息!
2026-07-07 07:19:39,159	[INFO]	(connection.py:60)multi_run	[botpy] 最大并发连接数: 1, 启动会话数: 1
2026-07-07 07:19:39,160	[INFO]	(client.py:242)bot_connect	[botpy] 会话启动中...
2026-07-07 07:19:39,161	[INFO]	(gateway.py:115)ws_connect	[botpy] 启动中...
2026-07-07 07:19:39,221	[INFO]	(gateway.py:175)ws_resume	[botpy] 重连启动...
2026-07-07 07:19:39,365	[INFO]	(gateway.py:90)on_message	[botpy] 机器人重连成功! 
2026-07-07 07:19:39,366	[INFO]	(gateway.py:223)_send_heart	[botpy] 心跳维持启动...
2026-07-07 07:49:39,134	[INFO]	(gateway.py:56)on_closed	[botpy] 关闭, 返回码: 4009, 返回信息: Session timed out
2026-07-07 07:49:39,134	[INFO]	(gateway.py:134)ws_connect	[botpy] ws关闭, 停止接收消息!
2026-07-07 07:49:44,135	[INFO]	(connection.py:60)multi_run	[botpy] 最大并发连接数: 1, 启动会话数: 1
2026-07-07 07:49:44,136	[INFO]	(client.py:242)bot_connect	[botpy] 会话启动中...
2026-07-07 07:49:44,136	[INFO]	(gateway.py:115)ws_connect	[botpy] 启动中...
2026-07-07 07:49:44,185	[INFO]	(gateway.py:175)ws_resume	[botpy] 重连启动...
2026-07-07 07:49:44,268	[INFO]	(gateway.py:90)on_message	[botpy] 机器人重连成功! 
2026-07-07 07:49:44,269	[INFO]	(gateway.py:223)_send_heart	[botpy] 心跳维持启动...
2026-07-07 08:19:44,097	[INFO]	(gateway.py:56)on_closed	[botpy] 关闭, 返回码: 4009, 返回信息: Session timed out
2026-07-07 08:19:44,097	[INFO]	(gateway.py:134)ws_connect	[botpy] ws关闭, 停止接收消息!
2026-07-07 08:19:49,108	[INFO]	(connection.py:60)multi_run	[botpy] 最大并发连接数: 1, 启动会话数: 1
2026-07-07 08:19:49,109	[INFO]	(client.py:242)bot_connect	[botpy] 会话启动中...
2026-07-07 08:19:49,109	[INFO]	(gateway.py:115)ws_connect	[botpy] 启动中...
2026-07-07 08:19:49,158	[INFO]	(gateway.py:175)ws_resume	[botpy] 重连启动...
2026-07-07 08:19:49,332	[INFO]	(robot.py:65)update_access_token	[botpy] access_token expires_in 7200
2026-07-07 08:19:49,398	[INFO]	(gateway.py:90)on_message	[botpy] 机器人重连成功! 
2026-07-07 08:19:49,399	[INFO]	(gateway.py:223)_send_heart	[botpy] 心跳维持启动...
2026-07-07 08:49:49,073	[INFO]	(gateway.py:56)on_closed	[botpy] 关闭, 返回码: 4009, 返回信息: Session timed out
2026-07-07 08:49:49,128	[INFO]	(gateway.py:134)ws_connect	[botpy] ws关闭, 停止接收消息!
2026-07-07 08:49:54,132	[INFO]	(connection.py:60)multi_run	[botpy] 最大并发连接数: 1, 启动会话数: 1
2026-07-07 08:49:54,133	[INFO]	(client.py:242)bot_connect	[botpy] 会话启动中...
2026-07-07 08:49:54,134	[INFO]	(gateway.py:115)ws_connect	[botpy] 启动中...
2026-07-07 08:49:54,189	[INFO]	(gateway.py:175)ws_resume	[botpy] 重连启动...
2026-07-07 08:49:54,248	[INFO]	(gateway.py:90)on_message	[botpy] 机器人重连成功! 
2026-07-07 08:49:54,249	[INFO]	(gateway.py:223)_send_heart	[botpy] 心跳维持启动...
2026-07-07 09:19:54,101	[INFO]	(gateway.py:56)on_closed	[botpy] 关闭, 返回码: 4009, 返回信息: Session timed out
2026-07-07 09:19:54,102	[INFO]	(gateway.py:134)ws_connect	[botpy] ws关闭, 停止接收消息!
2026-07-07 09:19:59,104	[INFO]	(connection.py:60)multi_run	[botpy] 最大并发连接数: 1, 启动会话数: 1
2026-07-07 09:19:59,105	[INFO]	(client.py:242)bot_connect	[botpy] 会话启动中...
2026-07-07 09:19:59,106	[INFO]	(gateway.py:115)ws_connect	[botpy] 启动中...
2026-07-07 09:19:59,167	[INFO]	(gateway.py:175)ws_resume	[botpy] 重连启动...
2026-07-07 09:19:59,263	[INFO]	(gateway.py:90)on_message	[botpy] 机器人重连成功! 
2026-07-07 09:19:59,264	[INFO]	(gateway.py:223)_send_heart	[botpy] 心跳维持启动...
2026-07-07 09:49:59,081	[INFO]	(gateway.py:56)on_closed	[botpy] 关闭, 返回码: 4009, 返回信息: Session timed out
2026-07-07 09:49:59,083	[INFO]	(gateway.py:134)ws_connect	[botpy] ws关闭, 停止接收消息!
2026-07-07 09:50:04,093	[INFO]	(connection.py:60)multi_run	[botpy] 最大并发连接数: 1, 启动会话数: 1
2026-07-07 09:50:04,093	[INFO]	(client.py:242)bot_connect	[botpy] 会话启动中...
2026-07-07 09:50:04,094	[INFO]	(gateway.py:115)ws_connect	[botpy] 启动中...
2026-07-07 09:50:04,146	[INFO]	(gateway.py:175)ws_resume	[botpy] 重连启动...
2026-07-07 09:50:04,219	[INFO]	(gateway.py:90)on_message	[botpy] 机器人重连成功! 
2026-07-07 09:50:04,220	[INFO]	(gateway.py:223)_send_heart	[botpy] 心跳维持启动...
2026-07-07 09:50:55,799	[INFO]	(gateway.py:56)on_closed	[botpy] 关闭, 返回码: 1006, 返回信息: None
2026-07-07 09:50:55,799	[INFO]	(gateway.py:134)ws_connect	[botpy] ws关闭, 停止接收消息!
2026-07-07 09:51:00,810	[INFO]	(connection.py:60)multi_run	[botpy] 最大并发连接数: 1, 启动会话数: 1
2026-07-07 09:51:00,812	[INFO]	(client.py:242)bot_connect	[botpy] 会话启动中...
2026-07-07 09:51:00,812	[INFO]	(gateway.py:115)ws_connect	[botpy] 启动中...
2026-07-07 09:51:00,863	[INFO]	(gateway.py:175)ws_resume	[botpy] 重连启动...
2026-07-07 09:51:00,906	[INFO]	(gateway.py:90)on_message	[botpy] 机器人重连成功! 
2026-07-07 09:51:00,911	[INFO]	(gateway.py:223)_send_heart	[botpy] 心跳维持启动...
2026-07-07 10:21:00,787	[INFO]	(gateway.py:56)on_closed	[botpy] 关闭, 返回码: 4009, 返回信息: Session timed out
2026-07-07 10:21:00,787	[INFO]	(gateway.py:134)ws_connect	[botpy] ws关闭, 停止接收消息!
2026-07-07 10:21:05,814	[INFO]	(connection.py:60)multi_run	[botpy] 最大并发连接数: 1, 启动会话数: 1
2026-07-07 10:21:05,814	[INFO]	(client.py:242)bot_connect	[botpy] 会话启动中...
2026-07-07 10:21:05,815	[INFO]	(gateway.py:115)ws_connect	[botpy] 启动中...
2026-07-07 10:21:05,871	[INFO]	(gateway.py:175)ws_resume	[botpy] 重连启动...
2026-07-07 10:21:05,938	[INFO]	(robot.py:65)update_access_token	[botpy] access_token expires_in 7200
2026-07-07 10:21:06,007	[INFO]	(gateway.py:90)on_message	[botpy] 机器人重连成功! 
2026-07-07 10:21:06,007	[INFO]	(gateway.py:223)_send_heart	[botpy] 心跳维持启动...
2026-07-07 10:51:05,784	[INFO]	(gateway.py:56)on_closed	[botpy] 关闭, 返回码: 4009, 返回信息: Session timed out
2026-07-07 10:51:05,784	[INFO]	(gateway.py:134)ws_connect	[botpy] ws关闭, 停止接收消息!
2026-07-07 10:51:10,802	[INFO]	(connection.py:60)multi_run	[botpy] 最大并发连接数: 1, 启动会话数: 1
2026-07-07 10:51:10,802	[INFO]	(client.py:242)bot_connect	[botpy] 会话启动中...
2026-07-07 10:51:10,803	[INFO]	(gateway.py:115)ws_connect	[botpy] 启动中...
2026-07-07 10:51:10,887	[INFO]	(gateway.py:175)ws_resume	[botpy] 重连启动...
2026-07-07 10:51:10,953	[INFO]	(gateway.py:90)on_message	[botpy] 机器人重连成功! 
2026-07-07 10:51:10,953	[INFO]	(gateway.py:223)_send_heart	[botpy] 心跳维持启动...
2026-07-07 12:00:22,417	[INFO]	(client.py:162)_bot_login	[botpy] 登录机器人账号中...
2026-07-07 12:00:22,491	[INFO]	(robot.py:65)update_access_token	[botpy] access_token expires_in 1243
2026-07-07 12:00:22,766	[INFO]	(client.py:181)_bot_init	[botpy] 程序启动...
2026-07-07 12:00:22,766	[INFO]	(connection.py:60)multi_run	[botpy] 最大并发连接数: 1, 启动会话数: 1
2026-07-07 12:00:22,766	[INFO]	(client.py:242)bot_connect	[botpy] 会话启动中...
2026-07-07 12:00:22,766	[INFO]	(gateway.py:115)ws_connect	[botpy] 启动中...
2026-07-07 12:00:22,807	[INFO]	(gateway.py:142)ws_identify	[botpy] 鉴权中...
2026-07-07 12:00:22,882	[INFO]	(gateway.py:85)on_message	[botpy] 机器人「蓝晴-测试中」启动成功！
2026-07-07 12:00:22,882	[INFO]	(gateway.py:223)_send_heart	[botpy] 心跳维持启动...
2026-07-07 12:00:22,918	[INFO]	(registry.py:41)load_all	已加载插件 anime_waifu v1.0.0
2026-07-07 12:00:22,920	[INFO]	(registry.py:41)load_all	已加载插件 basic v1.0.0
2026-07-07 12:00:22,921	[INFO]	(registry.py:41)load_all	已加载插件 fortune v1.0.0
2026-07-07 12:00:22,922	[INFO]	(registry.py:41)load_all	已加载插件 jrrp v1.0.0
2026-07-07 12:00:23,007	[INFO]	(registry.py:41)load_all	已加载插件 phoebe v1.0.0
2026-07-07 12:00:23,010	[INFO]	(registry.py:41)load_all	已加载插件 rollpig v1.0.0
2026-07-07 12:00:23,011	[INFO]	(registry.py:41)load_all	已加载插件 roulette v1.0.0
2026-07-07 12:00:23,014	[INFO]	(registry.py:41)load_all	已加载插件 tarot v1.0.0
2026-07-07 12:00:23,016	[INFO]	(registry.py:41)load_all	已加载插件 waifu v1.0.0
2026-07-07 12:00:23,018	[INFO]	(registry.py:41)load_all	已加载插件 workclock v1.0.0
2026-07-07 12:00:23,018	[INFO]	(client.py:18)on_ready	机器人「蓝晴-测试中」已上线，已加载插件: anime_waifu, basic, fortune, jrrp, phoebe, rollpig, roulette, tarot, waifu, workclock
2026-07-07 12:00:30,429	[INFO]	(message.py:52)handle_group_at_message	[群聊] 57F2923E9BA2C2F30706B6A875E2DC0C: 上班
2026-07-07 12:00:30,429	[INFO]	(registry.py:72)dispatch	[插件:workclock] 处理 上班
2026-07-07 12:01:18,289	[INFO]	(message.py:52)handle_group_at_message	[群聊] 57F2923E9BA2C2F30706B6A875E2DC0C: 今日二次元老婆
2026-07-07 12:01:18,289	[INFO]	(registry.py:72)dispatch	[插件:anime_waifu] 处理 今日二次元老婆
2026-07-07 12:25:58,922	[INFO]	(message.py:52)handle_group_at_message	[群聊] 57F2923E9BA2C2F30706B6A875E2DC0C: 今日老婆
2026-07-07 12:25:58,923	[INFO]	(registry.py:72)dispatch	[插件:waifu] 处理 今日老婆
2026-07-07 12:25:59,063	[INFO]	(robot.py:65)update_access_token	[botpy] access_token expires_in 7200
2026-07-07 12:26:05,972	[INFO]	(message.py:52)handle_group_at_message	[群聊] 57F2923E9BA2C2F30706B6A875E2DC0C: 菲比搜索 哈哈
2026-07-07 12:26:05,972	[INFO]	(registry.py:72)dispatch	[插件:phoebe] 处理 菲比搜索 哈哈
2026-07-07 12:26:48,821	[INFO]	(message.py:52)handle_group_at_message	[群聊] 57F2923E9BA2C2F30706B6A875E2DC0C: 今日运势
2026-07-07 12:26:48,821	[INFO]	(registry.py:72)dispatch	[插件:fortune] 处理 今日运势
2026-07-07 12:26:54,880	[INFO]	(message.py:52)handle_group_at_message	[群聊] 57F2923E9BA2C2F30706B6A875E2DC0C: 下班
2026-07-07 12:26:54,880	[INFO]	(registry.py:72)dispatch	[插件:workclock] 处理 下班
2026-07-07 12:27:05,959	[INFO]	(message.py:52)handle_group_at_message	[群聊] 57F2923E9BA2C2F30706B6A875E2DC0C: 今日二次元老婆
2026-07-07 12:27:05,960	[INFO]	(registry.py:72)dispatch	[插件:anime_waifu] 处理 今日二次元老婆
2026-07-07 12:30:22,739	[INFO]	(gateway.py:56)on_closed	[botpy] 关闭, 返回码: 4009, 返回信息: Session timed out
2026-07-07 12:30:22,740	[INFO]	(gateway.py:134)ws_connect	[botpy] ws关闭, 停止接收消息!
2026-07-07 12:30:28,000	[INFO]	(connection.py:60)multi_run	[botpy] 最大并发连接数: 1, 启动会话数: 1
2026-07-07 12:30:28,011	[INFO]	(client.py:242)bot_connect	[botpy] 会话启动中...
2026-07-07 12:30:28,018	[INFO]	(gateway.py:115)ws_connect	[botpy] 启动中...
2026-07-07 12:30:28,088	[INFO]	(gateway.py:175)ws_resume	[botpy] 重连启动...
2026-07-07 12:30:32,397	[INFO]	(gateway.py:90)on_message	[botpy] 机器人重连成功! 
2026-07-07 12:30:34,019	[INFO]	(gateway.py:223)_send_heart	[botpy] 心跳维持启动...
2026-07-07 12:32:33,107	[INFO]	(message.py:52)handle_group_at_message	[群聊] 57F2923E9BA2C2F30706B6A875E2DC0C: 菲比搜索 哈哈
2026-07-07 12:32:33,107	[INFO]	(registry.py:72)dispatch	[插件:phoebe] 处理 菲比搜索 哈哈
2026-07-07 12:32:44,775	[INFO]	(client.py:162)_bot_login	[botpy] 登录机器人账号中...
2026-07-07 12:32:44,862	[INFO]	(robot.py:65)update_access_token	[botpy] access_token expires_in 6794
2026-07-07 12:32:45,175	[INFO]	(client.py:181)_bot_init	[botpy] 程序启动...
2026-07-07 12:32:45,175	[INFO]	(connection.py:60)multi_run	[botpy] 最大并发连接数: 1, 启动会话数: 1
2026-07-07 12:32:45,176	[INFO]	(client.py:242)bot_connect	[botpy] 会话启动中...
2026-07-07 12:32:45,176	[INFO]	(gateway.py:115)ws_connect	[botpy] 启动中...
2026-07-07 12:32:45,213	[INFO]	(gateway.py:142)ws_identify	[botpy] 鉴权中...
2026-07-07 12:32:45,305	[INFO]	(gateway.py:85)on_message	[botpy] 机器人「蓝晴-测试中」启动成功！
2026-07-07 12:32:45,305	[INFO]	(gateway.py:223)_send_heart	[botpy] 心跳维持启动...
2026-07-07 12:32:45,330	[INFO]	(registry.py:41)load_all	已加载插件 anime_waifu v1.0.0
2026-07-07 12:32:45,331	[INFO]	(registry.py:41)load_all	已加载插件 basic v1.0.0
2026-07-07 12:32:45,333	[INFO]	(registry.py:41)load_all	已加载插件 fortune v1.0.0
2026-07-07 12:32:45,335	[INFO]	(registry.py:41)load_all	已加载插件 jrrp v1.0.0
2026-07-07 12:32:45,426	[INFO]	(registry.py:41)load_all	已加载插件 phoebe v1.0.0
2026-07-07 12:32:45,428	[INFO]	(registry.py:41)load_all	已加载插件 rollpig v1.0.0
2026-07-07 12:32:45,430	[INFO]	(registry.py:41)load_all	已加载插件 roulette v1.0.0
2026-07-07 12:32:45,433	[INFO]	(registry.py:41)load_all	已加载插件 tarot v1.0.0
2026-07-07 12:32:45,436	[INFO]	(registry.py:41)load_all	已加载插件 waifu v1.0.0
2026-07-07 12:32:45,438	[INFO]	(registry.py:41)load_all	已加载插件 workclock v1.0.0
2026-07-07 12:32:45,438	[INFO]	(client.py:18)on_ready	机器人「蓝晴-测试中」已上线，已加载插件: anime_waifu, basic, fortune, jrrp, phoebe, rollpig, roulette, tarot, waifu, workclock
2026-07-07 12:32:50,349	[INFO]	(message.py:52)handle_group_at_message	[群聊] 57F2923E9BA2C2F30706B6A875E2DC0C: 菲比搜索 哈哈
2026-07-07 12:32:50,349	[INFO]	(registry.py:72)dispatch	[插件:phoebe] 处理 菲比搜索 哈哈
2026-07-07 12:33:03,954	[ERROR]	(http.py:76)_handle_response	[botpy] 接口请求异常，请求连接: https://api.sgroup.qq.com/v2/groups/A51224B4D77E22702F70BE7E8116BA7D/messages, 错误代码: 400, 返回内容: {'message': '消息被去重，请检查请求msgseq', 'code': 40054005, 'err_code': 40054005, 'trace_id': 'c568b7304ae7d4f7ac04fb38a087a270'}, trace_id:c568b7304ae7d4f7ac04fb38a087a270
2026-07-07 12:33:03,954	[ERROR]	(message.py:37)_reply	发送图片失败，降级为纯文字: 消息被去重，请检查请求msgseq
2026-07-07 12:33:04,326	[ERROR]	(http.py:76)_handle_response	[botpy] 接口请求异常，请求连接: https://api.sgroup.qq.com/v2/groups/A51224B4D77E22702F70BE7E8116BA7D/messages, 错误代码: 400, 返回内容: {'message': '消息被去重，请检查请求msgseq', 'code': 40054005, 'err_code': 40054005, 'trace_id': '234ed0adb22d62e3e64b72e330a36a8d'}, trace_id:234ed0adb22d62e3e64b72e330a36a8d
2026-07-07 12:35:19,997	[INFO]	(client.py:162)_bot_login	[botpy] 登录机器人账号中...
2026-07-07 12:35:20,093	[INFO]	(robot.py:65)update_access_token	[botpy] access_token expires_in 6639
2026-07-07 12:35:20,378	[INFO]	(client.py:181)_bot_init	[botpy] 程序启动...
2026-07-07 12:35:20,378	[INFO]	(connection.py:60)multi_run	[botpy] 最大并发连接数: 1, 启动会话数: 1
2026-07-07 12:35:20,378	[INFO]	(client.py:242)bot_connect	[botpy] 会话启动中...
2026-07-07 12:35:20,378	[INFO]	(gateway.py:115)ws_connect	[botpy] 启动中...
2026-07-07 12:35:20,419	[INFO]	(gateway.py:142)ws_identify	[botpy] 鉴权中...
2026-07-07 12:35:20,483	[INFO]	(gateway.py:85)on_message	[botpy] 机器人「蓝晴-测试中」启动成功！
2026-07-07 12:35:20,484	[INFO]	(gateway.py:223)_send_heart	[botpy] 心跳维持启动...
2026-07-07 12:35:20,505	[INFO]	(registry.py:41)load_all	已加载插件 anime_waifu v1.0.0
2026-07-07 12:35:20,506	[INFO]	(registry.py:41)load_all	已加载插件 basic v1.0.0
2026-07-07 12:35:20,508	[INFO]	(registry.py:41)load_all	已加载插件 fortune v1.0.0
2026-07-07 12:35:20,509	[INFO]	(registry.py:41)load_all	已加载插件 jrrp v1.0.0
2026-07-07 12:35:20,597	[INFO]	(registry.py:41)load_all	已加载插件 phoebe v1.0.0
2026-07-07 12:35:20,599	[INFO]	(registry.py:41)load_all	已加载插件 rollpig v1.0.0
2026-07-07 12:35:20,600	[INFO]	(registry.py:41)load_all	已加载插件 roulette v1.0.0
2026-07-07 12:35:20,603	[INFO]	(registry.py:41)load_all	已加载插件 tarot v1.0.0
2026-07-07 12:35:20,605	[INFO]	(registry.py:41)load_all	已加载插件 waifu v1.0.0
2026-07-07 12:35:20,608	[INFO]	(registry.py:41)load_all	已加载插件 workclock v1.0.0
2026-07-07 12:35:20,608	[INFO]	(client.py:18)on_ready	机器人「蓝晴-测试中」已上线，已加载插件: anime_waifu, basic, fortune, jrrp, phoebe, rollpig, roulette, tarot, waifu, workclock
2026-07-07 12:35:29,552	[INFO]	(message.py:57)handle_group_at_message	[群聊] 57F2923E9BA2C2F30706B6A875E2DC0C: 菲比搜索 哈哈
2026-07-07 12:35:29,553	[INFO]	(registry.py:72)dispatch	[插件:phoebe] 处理 菲比搜索 哈哈
2026-07-07 12:37:10,183	[INFO]	(client.py:162)_bot_login	[botpy] 登录机器人账号中...
2026-07-07 12:37:10,263	[INFO]	(robot.py:65)update_access_token	[botpy] access_token expires_in 6529
2026-07-07 12:37:10,554	[INFO]	(client.py:181)_bot_init	[botpy] 程序启动...
2026-07-07 12:37:10,555	[INFO]	(connection.py:60)multi_run	[botpy] 最大并发连接数: 1, 启动会话数: 1
2026-07-07 12:37:10,555	[INFO]	(client.py:242)bot_connect	[botpy] 会话启动中...
2026-07-07 12:37:10,555	[INFO]	(gateway.py:115)ws_connect	[botpy] 启动中...
2026-07-07 12:37:10,600	[INFO]	(gateway.py:142)ws_identify	[botpy] 鉴权中...
2026-07-07 12:37:10,682	[INFO]	(gateway.py:85)on_message	[botpy] 机器人「蓝晴-测试中」启动成功！
2026-07-07 12:37:10,683	[INFO]	(gateway.py:223)_send_heart	[botpy] 心跳维持启动...
2026-07-07 12:37:10,711	[INFO]	(registry.py:41)load_all	已加载插件 anime_waifu v1.0.0
2026-07-07 12:37:10,712	[INFO]	(registry.py:41)load_all	已加载插件 basic v1.0.0
2026-07-07 12:37:10,714	[INFO]	(registry.py:41)load_all	已加载插件 fortune v1.0.0
2026-07-07 12:37:10,715	[INFO]	(registry.py:41)load_all	已加载插件 jrrp v1.0.0
2026-07-07 12:37:10,806	[INFO]	(registry.py:41)load_all	已加载插件 phoebe v1.0.0
2026-07-07 12:37:10,809	[INFO]	(registry.py:41)load_all	已加载插件 rollpig v1.0.0
2026-07-07 12:37:10,811	[INFO]	(registry.py:41)load_all	已加载插件 roulette v1.0.0
2026-07-07 12:37:10,814	[INFO]	(registry.py:41)load_all	已加载插件 tarot v1.0.0
2026-07-07 12:37:10,816	[INFO]	(registry.py:41)load_all	已加载插件 waifu v1.0.0
2026-07-07 12:37:10,818	[INFO]	(registry.py:41)load_all	已加载插件 workclock v1.0.0
2026-07-07 12:37:10,818	[INFO]	(client.py:18)on_ready	机器人「蓝晴-测试中」已上线，已加载插件: anime_waifu, basic, fortune, jrrp, phoebe, rollpig, roulette, tarot, waifu, workclock
2026-07-07 12:38:27,163	[INFO]	(message.py:57)handle_group_at_message	[群聊] A111A156DB40D2DCE2ABACF757F23279: 今日人品
2026-07-07 12:38:27,163	[INFO]	(registry.py:72)dispatch	[插件:jrrp] 处理 今日人品
2026-07-07 12:38:37,743	[INFO]	(message.py:57)handle_group_at_message	[群聊] A111A156DB40D2DCE2ABACF757F23279: 今日人品
2026-07-07 12:38:37,744	[INFO]	(registry.py:72)dispatch	[插件:jrrp] 处理 今日人品
2026-07-07 12:38:47,326	[INFO]	(message.py:57)handle_group_at_message	[群聊] A111A156DB40D2DCE2ABACF757F23279: 今日人品
2026-07-07 12:38:47,326	[INFO]	(registry.py:72)dispatch	[插件:jrrp] 处理 今日人品
2026-07-07 12:38:57,888	[INFO]	(message.py:57)handle_group_at_message	[群聊] A111A156DB40D2DCE2ABACF757F23279: 今日人品
2026-07-07 12:38:57,888	[INFO]	(registry.py:72)dispatch	[插件:jrrp] 处理 今日人品
2026-07-07 12:39:07,459	[INFO]	(message.py:57)handle_group_at_message	[群聊] A111A156DB40D2DCE2ABACF757F23279: 今日人品
2026-07-07 12:39:07,459	[INFO]	(registry.py:72)dispatch	[插件:jrrp] 处理 今日人品
2026-07-07 12:39:18,034	[INFO]	(message.py:57)handle_group_at_message	[群聊] A111A156DB40D2DCE2ABACF757F23279: 今日人品
2026-07-07 12:39:18,035	[INFO]	(registry.py:72)dispatch	[插件:jrrp] 处理 今日人品
2026-07-07 12:39:27,092	[INFO]	(message.py:57)handle_group_at_message	[群聊] A111A156DB40D2DCE2ABACF757F23279: 今日人品
2026-07-07 12:39:27,093	[INFO]	(registry.py:72)dispatch	[插件:jrrp] 处理 今日人品
2026-07-07 12:39:37,158	[INFO]	(message.py:57)handle_group_at_message	[群聊] A111A156DB40D2DCE2ABACF757F23279: 今日人品
2026-07-07 12:39:37,158	[INFO]	(registry.py:72)dispatch	[插件:jrrp] 处理 今日人品
2026-07-07 12:39:47,233	[INFO]	(message.py:57)handle_group_at_message	[群聊] A111A156DB40D2DCE2ABACF757F23279: 今日人品
2026-07-07 12:39:47,233	[INFO]	(registry.py:72)dispatch	[插件:jrrp] 处理 今日人品
2026-07-07 12:39:48,248	[INFO]	(message.py:57)handle_group_at_message	[群聊] A111A156DB40D2DCE2ABACF757F23279: 占卜
2026-07-07 12:39:48,249	[INFO]	(registry.py:72)dispatch	[插件:tarot] 处理 占卜
2026-07-07 12:39:57,306	[INFO]	(message.py:57)handle_group_at_message	[群聊] A111A156DB40D2DCE2ABACF757F23279: 占卜
2026-07-07 12:39:57,306	[INFO]	(registry.py:72)dispatch	[插件:tarot] 处理 占卜
2026-07-07 12:40:07,375	[INFO]	(message.py:57)handle_group_at_message	[群聊] A111A156DB40D2DCE2ABACF757F23279: 占卜
2026-07-07 12:40:07,375	[INFO]	(registry.py:72)dispatch	[插件:tarot] 处理 占卜
2026-07-07 12:40:18,460	[INFO]	(message.py:57)handle_group_at_message	[群聊] A111A156DB40D2DCE2ABACF757F23279: 占卜
2026-07-07 12:40:18,460	[INFO]	(registry.py:72)dispatch	[插件:tarot] 处理 占卜
2026-07-07 12:40:27,542	[INFO]	(message.py:57)handle_group_at_message	[群聊] A111A156DB40D2DCE2ABACF757F23279: 占卜
2026-07-07 12:40:27,542	[INFO]	(registry.py:72)dispatch	[插件:tarot] 处理 占卜
2026-07-07 12:40:37,110	[INFO]	(message.py:57)handle_group_at_message	[群聊] A111A156DB40D2DCE2ABACF757F23279: 占卜
2026-07-07 12:40:37,126	[INFO]	(registry.py:72)dispatch	[插件:tarot] 处理 占卜
2026-07-07 12:40:47,181	[INFO]	(message.py:57)handle_group_at_message	[群聊] A111A156DB40D2DCE2ABACF757F23279: 占卜
2026-07-07 12:40:47,182	[INFO]	(registry.py:72)dispatch	[插件:tarot] 处理 占卜
2026-07-07 12:40:57,743	[INFO]	(message.py:57)handle_group_at_message	[群聊] A111A156DB40D2DCE2ABACF757F23279: 占卜
2026-07-07 12:40:57,745	[INFO]	(registry.py:72)dispatch	[插件:tarot] 处理 占卜
2026-07-07 12:41:07,309	[INFO]	(message.py:57)handle_group_at_message	[群聊] A111A156DB40D2DCE2ABACF757F23279: 占卜
2026-07-07 12:41:07,312	[INFO]	(registry.py:72)dispatch	[插件:tarot] 处理 占卜
2026-07-07 12:41:18,427	[INFO]	(message.py:57)handle_group_at_message	[群聊] A111A156DB40D2DCE2ABACF757F23279: 占卜
2026-07-07 12:41:18,427	[INFO]	(registry.py:72)dispatch	[插件:tarot] 处理 占卜
2026-07-07 12:41:26,997	[INFO]	(message.py:57)handle_group_at_message	[群聊] A111A156DB40D2DCE2ABACF757F23279: 占卜
2026-07-07 12:41:26,999	[INFO]	(registry.py:72)dispatch	[插件:tarot] 处理 占卜
2026-07-07 12:41:37,578	[INFO]	(message.py:57)handle_group_at_message	[群聊] A111A156DB40D2DCE2ABACF757F23279: 占卜
2026-07-07 12:41:37,580	[INFO]	(registry.py:72)dispatch	[插件:tarot] 处理 占卜
2026-07-07 12:41:47,141	[INFO]	(message.py:57)handle_group_at_message	[群聊] A111A156DB40D2DCE2ABACF757F23279: 占卜
2026-07-07 12:41:47,142	[INFO]	(registry.py:72)dispatch	[插件:tarot] 处理 占卜
2026-07-07 12:41:57,811	[INFO]	(message.py:57)handle_group_at_message	[群聊] A111A156DB40D2DCE2ABACF757F23279: 占卜
2026-07-07 12:41:57,812	[INFO]	(registry.py:72)dispatch	[插件:tarot] 处理 占卜
2026-07-07 12:42:07,367	[INFO]	(message.py:57)handle_group_at_message	[群聊] A111A156DB40D2DCE2ABACF757F23279: 占卜
2026-07-07 12:42:07,368	[INFO]	(registry.py:72)dispatch	[插件:tarot] 处理 占卜
2026-07-07 12:42:17,428	[INFO]	(message.py:57)handle_group_at_message	[群聊] A111A156DB40D2DCE2ABACF757F23279: 占卜
2026-07-07 12:42:17,433	[INFO]	(registry.py:72)dispatch	[插件:tarot] 处理 占卜
2026-07-07 12:42:27,159	[INFO]	(message.py:57)handle_group_at_message	[群聊] A111A156DB40D2DCE2ABACF757F23279: 占卜
2026-07-07 12:42:27,159	[INFO]	(registry.py:72)dispatch	[插件:tarot] 处理 占卜
2026-07-07 12:42:37,227	[INFO]	(message.py:57)handle_group_at_message	[群聊] A111A156DB40D2DCE2ABACF757F23279: 占卜
2026-07-07 12:42:37,227	[INFO]	(registry.py:72)dispatch	[插件:tarot] 处理 占卜
2026-07-07 12:42:47,331	[INFO]	(message.py:57)handle_group_at_message	[群聊] A111A156DB40D2DCE2ABACF757F23279: 占卜
2026-07-07 12:42:47,331	[INFO]	(registry.py:72)dispatch	[插件:tarot] 处理 占卜
2026-07-07 12:42:57,389	[INFO]	(message.py:57)handle_group_at_message	[群聊] A111A156DB40D2DCE2ABACF757F23279: 占卜
2026-07-07 12:42:57,390	[INFO]	(registry.py:72)dispatch	[插件:tarot] 处理 占卜
2026-07-07 12:43:07,452	[INFO]	(message.py:57)handle_group_at_message	[群聊] A111A156DB40D2DCE2ABACF757F23279: 占卜
2026-07-07 12:43:07,452	[INFO]	(registry.py:72)dispatch	[插件:tarot] 处理 占卜
2026-07-07 12:43:17,545	[INFO]	(message.py:57)handle_group_at_message	[群聊] A111A156DB40D2DCE2ABACF757F23279: 占卜
2026-07-07 12:43:17,546	[INFO]	(registry.py:72)dispatch	[插件:tarot] 处理 占卜
2026-07-07 12:43:27,110	[INFO]	(message.py:57)handle_group_at_message	[群聊] A111A156DB40D2DCE2ABACF757F23279: 占卜
2026-07-07 12:43:27,111	[INFO]	(registry.py:72)dispatch	[插件:tarot] 处理 占卜
2026-07-07 12:43:37,171	[INFO]	(message.py:57)handle_group_at_message	[群聊] A111A156DB40D2DCE2ABACF757F23279: 占卜
2026-07-07 12:43:37,171	[INFO]	(registry.py:72)dispatch	[插件:tarot] 处理 占卜
2026-07-07 12:43:40,201	[INFO]	(message.py:57)handle_group_at_message	[群聊] A111A156DB40D2DCE2ABACF757F23279: 今日小猪
2026-07-07 12:43:40,201	[INFO]	(registry.py:72)dispatch	[插件:rollpig] 处理 今日小猪
2026-07-07 12:43:47,247	[INFO]	(message.py:57)handle_group_at_message	[群聊] A111A156DB40D2DCE2ABACF757F23279: 今日小猪
2026-07-07 12:43:47,248	[INFO]	(registry.py:72)dispatch	[插件:rollpig] 处理 今日小猪
2026-07-07 12:43:49,264	[INFO]	(message.py:57)handle_group_at_message	[群聊] A111A156DB40D2DCE2ABACF757F23279: 轮盘赌
2026-07-07 12:43:49,264	[INFO]	(registry.py:72)dispatch	[插件:roulette] 处理 轮盘赌
2026-07-07 12:43:57,314	[INFO]	(message.py:57)handle_group_at_message	[群聊] A111A156DB40D2DCE2ABACF757F23279: 轮盘赌
2026-07-07 12:43:57,314	[INFO]	(registry.py:72)dispatch	[插件:roulette] 处理 轮盘赌
2026-07-07 12:44:07,376	[INFO]	(message.py:57)handle_group_at_message	[群聊] A111A156DB40D2DCE2ABACF757F23279: 轮盘赌
2026-07-07 12:44:07,377	[INFO]	(registry.py:72)dispatch	[插件:roulette] 处理 轮盘赌
2026-07-07 12:44:17,963	[INFO]	(message.py:57)handle_group_at_message	[群聊] A111A156DB40D2DCE2ABACF757F23279: 轮盘赌
2026-07-07 12:44:17,963	[INFO]	(registry.py:72)dispatch	[插件:roulette] 处理 轮盘赌
2026-07-07 12:44:27,028	[INFO]	(message.py:57)handle_group_at_message	[群聊] A111A156DB40D2DCE2ABACF757F23279: 轮盘赌
2026-07-07 12:44:27,029	[INFO]	(registry.py:72)dispatch	[插件:roulette] 处理 轮盘赌
2026-07-07 12:44:37,098	[INFO]	(message.py:57)handle_group_at_message	[群聊] A111A156DB40D2DCE2ABACF757F23279: 轮盘赌
2026-07-07 12:44:37,098	[INFO]	(registry.py:72)dispatch	[插件:roulette] 处理 轮盘赌
2026-07-07 12:44:47,205	[INFO]	(message.py:57)handle_group_at_message	[群聊] A111A156DB40D2DCE2ABACF757F23279: 轮盘赌
2026-07-07 12:44:47,206	[INFO]	(registry.py:72)dispatch	[插件:roulette] 处理 轮盘赌
2026-07-07 12:44:57,281	[INFO]	(message.py:57)handle_group_at_message	[群聊] A111A156DB40D2DCE2ABACF757F23279: 轮盘赌
2026-07-07 12:44:57,281	[INFO]	(registry.py:72)dispatch	[插件:roulette] 处理 轮盘赌
2026-07-07 12:45:07,339	[INFO]	(message.py:57)handle_group_at_message	[群聊] A111A156DB40D2DCE2ABACF757F23279: 轮盘赌
2026-07-07 12:45:07,342	[INFO]	(registry.py:72)dispatch	[插件:roulette] 处理 轮盘赌
2026-07-07 12:45:17,916	[INFO]	(message.py:57)handle_group_at_message	[群聊] A111A156DB40D2DCE2ABACF757F23279: 轮盘赌
2026-07-07 12:45:17,920	[INFO]	(registry.py:72)dispatch	[插件:roulette] 处理 轮盘赌
2026-07-07 12:45:27,477	[INFO]	(message.py:57)handle_group_at_message	[群聊] A111A156DB40D2DCE2ABACF757F23279: 轮盘赌
2026-07-07 12:45:27,477	[INFO]	(registry.py:72)dispatch	[插件:roulette] 处理 轮盘赌
2026-07-07 12:45:37,546	[INFO]	(message.py:57)handle_group_at_message	[群聊] A111A156DB40D2DCE2ABACF757F23279: 轮盘赌
2026-07-07 12:45:37,546	[INFO]	(registry.py:72)dispatch	[插件:roulette] 处理 轮盘赌
2026-07-07 12:45:47,132	[INFO]	(message.py:57)handle_group_at_message	[群聊] A111A156DB40D2DCE2ABACF757F23279: 轮盘赌
2026-07-07 12:45:49,673	[INFO]	(registry.py:72)dispatch	[插件:roulette] 处理 轮盘赌
2026-07-07 12:45:57,190	[INFO]	(message.py:57)handle_group_at_message	[群聊] A111A156DB40D2DCE2ABACF757F23279: 轮盘赌
2026-07-07 12:45:57,190	[INFO]	(registry.py:72)dispatch	[插件:roulette] 处理 轮盘赌
2026-07-07 12:46:07,271	[INFO]	(message.py:57)handle_group_at_message	[群聊] A111A156DB40D2DCE2ABACF757F23279: 轮盘赌
2026-07-07 12:46:07,272	[INFO]	(registry.py:72)dispatch	[插件:roulette] 处理 轮盘赌
2026-07-07 12:46:17,846	[INFO]	(message.py:57)handle_group_at_message	[群聊] A111A156DB40D2DCE2ABACF757F23279: 轮盘赌
2026-07-07 12:46:17,846	[INFO]	(registry.py:72)dispatch	[插件:roulette] 处理 轮盘赌
2026-07-07 12:46:27,433	[INFO]	(message.py:57)handle_group_at_message	[群聊] A111A156DB40D2DCE2ABACF757F23279: 轮盘赌
2026-07-07 12:46:27,433	[INFO]	(registry.py:72)dispatch	[插件:roulette] 处理 轮盘赌
2026-07-07 12:46:36,984	[INFO]	(message.py:57)handle_group_at_message	[群聊] A111A156DB40D2DCE2ABACF757F23279: 轮盘赌
2026-07-07 12:46:36,985	[INFO]	(registry.py:72)dispatch	[插件:roulette] 处理 轮盘赌
2026-07-07 12:46:47,053	[INFO]	(message.py:57)handle_group_at_message	[群聊] A111A156DB40D2DCE2ABACF757F23279: 轮盘赌
2026-07-07 12:46:47,053	[INFO]	(registry.py:72)dispatch	[插件:roulette] 处理 轮盘赌
2026-07-07 12:46:57,641	[INFO]	(message.py:57)handle_group_at_message	[群聊] A111A156DB40D2DCE2ABACF757F23279: 轮盘赌
2026-07-07 12:46:57,642	[INFO]	(registry.py:72)dispatch	[插件:roulette] 处理 轮盘赌
2026-07-07 12:47:07,203	[INFO]	(message.py:57)handle_group_at_message	[群聊] A111A156DB40D2DCE2ABACF757F23279: 轮盘赌
2026-07-07 12:47:07,204	[INFO]	(registry.py:72)dispatch	[插件:roulette] 处理 轮盘赌
2026-07-07 12:47:17,769	[INFO]	(message.py:57)handle_group_at_message	[群聊] A111A156DB40D2DCE2ABACF757F23279: 轮盘赌
2026-07-07 12:47:17,769	[INFO]	(registry.py:72)dispatch	[插件:roulette] 处理 轮盘赌
2026-07-07 12:47:27,379	[INFO]	(message.py:57)handle_group_at_message	[群聊] A111A156DB40D2DCE2ABACF757F23279: 轮盘赌
2026-07-07 12:47:27,379	[INFO]	(registry.py:72)dispatch	[插件:roulette] 处理 轮盘赌
2026-07-07 12:47:28,402	[INFO]	(message.py:57)handle_group_at_message	[群聊] A111A156DB40D2DCE2ABACF757F23279: 今日老婆
2026-07-07 12:47:28,402	[INFO]	(registry.py:72)dispatch	[插件:waifu] 处理 今日老婆
2026-07-07 12:47:36,953	[INFO]	(message.py:57)handle_group_at_message	[群聊] A111A156DB40D2DCE2ABACF757F23279: 今日老婆
2026-07-07 12:47:36,953	[INFO]	(registry.py:72)dispatch	[插件:waifu] 处理 今日老婆
2026-07-07 12:47:47,022	[INFO]	(message.py:57)handle_group_at_message	[群聊] A111A156DB40D2DCE2ABACF757F23279: 今日老婆
2026-07-07 12:47:47,024	[INFO]	(registry.py:72)dispatch	[插件:waifu] 处理 今日老婆
2026-07-07 12:47:57,088	[INFO]	(message.py:57)handle_group_at_message	[群聊] A111A156DB40D2DCE2ABACF757F23279: 今日老婆
2026-07-07 12:47:57,088	[INFO]	(registry.py:72)dispatch	[插件:waifu] 处理 今日老婆
2026-07-07 12:48:07,265	[INFO]	(message.py:57)handle_group_at_message	[群聊] A111A156DB40D2DCE2ABACF757F23279: 今日老婆
2026-07-07 12:48:07,265	[INFO]	(registry.py:72)dispatch	[插件:waifu] 处理 今日老婆
2026-07-07 12:48:17,833	[INFO]	(message.py:57)handle_group_at_message	[群聊] A111A156DB40D2DCE2ABACF757F23279: 今日老婆
2026-07-07 12:48:17,838	[INFO]	(registry.py:72)dispatch	[插件:waifu] 处理 今日老婆
2026-07-07 12:48:27,427	[INFO]	(message.py:57)handle_group_at_message	[群聊] A111A156DB40D2DCE2ABACF757F23279: 今日老婆
2026-07-07 12:48:27,428	[INFO]	(registry.py:72)dispatch	[插件:waifu] 处理 今日老婆
2026-07-07 12:48:37,502	[INFO]	(message.py:57)handle_group_at_message	[群聊] A111A156DB40D2DCE2ABACF757F23279: 今日老婆
2026-07-07 12:48:37,502	[INFO]	(registry.py:72)dispatch	[插件:waifu] 处理 今日老婆
2026-07-07 12:48:47,078	[INFO]	(message.py:57)handle_group_at_message	[群聊] A111A156DB40D2DCE2ABACF757F23279: 今日老婆
2026-07-07 12:48:47,079	[INFO]	(registry.py:72)dispatch	[插件:waifu] 处理 今日老婆
2026-07-07 12:48:57,633	[INFO]	(message.py:57)handle_group_at_message	[群聊] A111A156DB40D2DCE2ABACF757F23279: 今日老婆
2026-07-07 12:48:57,633	[INFO]	(registry.py:72)dispatch	[插件:waifu] 处理 今日老婆
2026-07-07 12:49:07,193	[INFO]	(message.py:57)handle_group_at_message	[群聊] A111A156DB40D2DCE2ABACF757F23279: 今日老婆
2026-07-07 12:49:07,193	[INFO]	(registry.py:72)dispatch	[插件:waifu] 处理 今日老婆
2026-07-07 12:49:17,252	[INFO]	(message.py:57)handle_group_at_message	[群聊] A111A156DB40D2DCE2ABACF757F23279: 今日老婆
2026-07-07 12:49:17,257	[INFO]	(registry.py:72)dispatch	[插件:waifu] 处理 今日老婆
2026-07-07 12:49:27,318	[INFO]	(message.py:57)handle_group_at_message	[群聊] A111A156DB40D2DCE2ABACF757F23279: 今日老婆
2026-07-07 12:49:27,318	[INFO]	(registry.py:72)dispatch	[插件:waifu] 处理 今日老婆
2026-07-07 12:49:28,342	[INFO]	(message.py:57)handle_group_at_message	[群聊] A111A156DB40D2DCE2ABACF757F23279: 今日二次元老婆
2026-07-07 12:49:28,343	[INFO]	(registry.py:72)dispatch	[插件:anime_waifu] 处理 今日二次元老婆
2026-07-07 12:49:37,419	[INFO]	(message.py:57)handle_group_at_message	[群聊] A111A156DB40D2DCE2ABACF757F23279: 今日二次元老婆
2026-07-07 12:49:37,422	[INFO]	(registry.py:72)dispatch	[插件:anime_waifu] 处理 今日二次元老婆
2026-07-07 12:49:47,478	[INFO]	(message.py:57)handle_group_at_message	[群聊] A111A156DB40D2DCE2ABACF757F23279: 今日二次元老婆
2026-07-07 12:49:47,478	[INFO]	(registry.py:72)dispatch	[插件:anime_waifu] 处理 今日二次元老婆
2026-07-07 12:49:57,549	[INFO]	(message.py:57)handle_group_at_message	[群聊] A111A156DB40D2DCE2ABACF757F23279: 今日二次元老婆
2026-07-07 12:49:57,551	[INFO]	(registry.py:72)dispatch	[插件:anime_waifu] 处理 今日二次元老婆
2026-07-07 12:50:07,109	[INFO]	(message.py:57)handle_group_at_message	[群聊] A111A156DB40D2DCE2ABACF757F23279: 今日二次元老婆
2026-07-07 12:50:07,110	[INFO]	(registry.py:72)dispatch	[插件:anime_waifu] 处理 今日二次元老婆
2026-07-07 12:50:18,685	[INFO]	(message.py:57)handle_group_at_message	[群聊] A111A156DB40D2DCE2ABACF757F23279: 今日二次元老婆
2026-07-07 12:50:18,686	[INFO]	(registry.py:72)dispatch	[插件:anime_waifu] 处理 今日二次元老婆
2026-07-07 12:50:27,252	[INFO]	(message.py:57)handle_group_at_message	[群聊] A111A156DB40D2DCE2ABACF757F23279: 今日二次元老婆
2026-07-07 12:50:27,253	[INFO]	(registry.py:72)dispatch	[插件:anime_waifu] 处理 今日二次元老婆
2026-07-07 12:50:28,770	[INFO]	(message.py:57)handle_group_at_message	[群聊] A111A156DB40D2DCE2ABACF757F23279: 菲比搜索 菲比搜索 哈哈
2026-07-07 12:50:28,771	[INFO]	(registry.py:72)dispatch	[插件:phoebe] 处理 菲比搜索 菲比搜索 哈哈
2026-07-07 12:50:37,396	[INFO]	(message.py:57)handle_group_at_message	[群聊] A111A156DB40D2DCE2ABACF757F23279: 菲比搜索 菲比搜索 哈哈
2026-07-07 12:50:37,396	[INFO]	(registry.py:72)dispatch	[插件:phoebe] 处理 菲比搜索 菲比搜索 哈哈
2026-07-07 12:50:47,069	[INFO]	(message.py:57)handle_group_at_message	[群聊] A111A156DB40D2DCE2ABACF757F23279: 菲比搜索 菲比搜索 哈哈
2026-07-07 12:50:47,070	[INFO]	(registry.py:72)dispatch	[插件:phoebe] 处理 菲比搜索 菲比搜索 哈哈
2026-07-07 12:50:57,161	[INFO]	(message.py:57)handle_group_at_message	[群聊] A111A156DB40D2DCE2ABACF757F23279: 菲比搜索 菲比搜索 哈哈
2026-07-07 12:50:57,161	[INFO]	(registry.py:72)dispatch	[插件:phoebe] 处理 菲比搜索 菲比搜索 哈哈
2026-07-07 12:51:07,196	[INFO]	(message.py:57)handle_group_at_message	[群聊] A111A156DB40D2DCE2ABACF757F23279: 菲比搜索 菲比搜索 哈哈
2026-07-07 12:51:07,197	[INFO]	(registry.py:72)dispatch	[插件:phoebe] 处理 菲比搜索 菲比搜索 哈哈
2026-07-07 12:51:17,777	[INFO]	(message.py:57)handle_group_at_message	[群聊] A111A156DB40D2DCE2ABACF757F23279: 菲比搜索 菲比搜索 哈哈
2026-07-07 12:51:17,783	[INFO]	(registry.py:72)dispatch	[插件:phoebe] 处理 菲比搜索 菲比搜索 哈哈
2026-07-07 12:51:27,378	[INFO]	(message.py:57)handle_group_at_message	[群聊] A111A156DB40D2DCE2ABACF757F23279: 菲比搜索 菲比搜索 哈哈
2026-07-07 12:51:27,378	[INFO]	(registry.py:72)dispatch	[插件:phoebe] 处理 菲比搜索 菲比搜索 哈哈
2026-07-07 12:51:37,440	[INFO]	(message.py:57)handle_group_at_message	[群聊] A111A156DB40D2DCE2ABACF757F23279: 菲比搜索 菲比搜索 哈哈
2026-07-07 12:51:37,441	[INFO]	(registry.py:72)dispatch	[插件:phoebe] 处理 菲比搜索 菲比搜索 哈哈
2026-07-07 12:51:47,009	[INFO]	(message.py:57)handle_group_at_message	[群聊] A111A156DB40D2DCE2ABACF757F23279: 菲比搜索 菲比搜索 哈哈
2026-07-07 12:51:47,010	[INFO]	(registry.py:72)dispatch	[插件:phoebe] 处理 菲比搜索 菲比搜索 哈哈
2026-07-07 12:51:57,088	[INFO]	(message.py:57)handle_group_at_message	[群聊] A111A156DB40D2DCE2ABACF757F23279: 菲比搜索 菲比搜索 哈哈
2026-07-07 12:51:57,088	[INFO]	(registry.py:72)dispatch	[插件:phoebe] 处理 菲比搜索 菲比搜索 哈哈
2026-07-07 12:52:07,145	[INFO]	(message.py:57)handle_group_at_message	[群聊] A111A156DB40D2DCE2ABACF757F23279: 菲比搜索 菲比搜索 哈哈
2026-07-07 12:52:07,145	[INFO]	(registry.py:72)dispatch	[插件:phoebe] 处理 菲比搜索 菲比搜索 哈哈
2026-07-07 12:52:18,232	[INFO]	(message.py:57)handle_group_at_message	[群聊] A111A156DB40D2DCE2ABACF757F23279: 菲比搜索 菲比搜索 哈哈
2026-07-07 12:52:18,232	[INFO]	(registry.py:72)dispatch	[插件:phoebe] 处理 菲比搜索 菲比搜索 哈哈
2026-07-07 12:52:27,283	[INFO]	(message.py:57)handle_group_at_message	[群聊] A111A156DB40D2DCE2ABACF757F23279: 菲比搜索 菲比搜索 哈哈
2026-07-07 12:52:27,283	[INFO]	(registry.py:72)dispatch	[插件:phoebe] 处理 菲比搜索 菲比搜索 哈哈
2026-07-07 12:52:37,362	[INFO]	(message.py:57)handle_group_at_message	[群聊] A111A156DB40D2DCE2ABACF757F23279: 菲比搜索 菲比搜索 哈哈
2026-07-07 12:52:37,362	[INFO]	(registry.py:72)dispatch	[插件:phoebe] 处理 菲比搜索 菲比搜索 哈哈
2026-07-07 12:52:47,447	[INFO]	(message.py:57)handle_group_at_message	[群聊] A111A156DB40D2DCE2ABACF757F23279: 菲比搜索 菲比搜索 哈哈
2026-07-07 12:52:47,449	[INFO]	(registry.py:72)dispatch	[插件:phoebe] 处理 菲比搜索 菲比搜索 哈哈
2026-07-07 12:52:57,009	[INFO]	(message.py:57)handle_group_at_message	[群聊] A111A156DB40D2DCE2ABACF757F23279: 菲比搜索 菲比搜索 哈哈
2026-07-07 12:52:57,011	[INFO]	(registry.py:72)dispatch	[插件:phoebe] 处理 菲比搜索 菲比搜索 哈哈
2026-07-07 12:53:07,598	[INFO]	(message.py:57)handle_group_at_message	[群聊] A111A156DB40D2DCE2ABACF757F23279: 菲比搜索 菲比搜索 哈哈
2026-07-07 12:53:07,598	[INFO]	(registry.py:72)dispatch	[插件:phoebe] 处理 菲比搜索 菲比搜索 哈哈
2026-07-07 12:53:18,168	[INFO]	(message.py:57)handle_group_at_message	[群聊] A111A156DB40D2DCE2ABACF757F23279: 菲比搜索 菲比搜索 哈哈
2026-07-07 12:53:18,168	[INFO]	(registry.py:72)dispatch	[插件:phoebe] 处理 菲比搜索 菲比搜索 哈哈
2026-07-07 12:53:27,235	[INFO]	(message.py:57)handle_group_at_message	[群聊] A111A156DB40D2DCE2ABACF757F23279: 菲比搜索 菲比搜索 哈哈
2026-07-07 12:53:27,235	[INFO]	(registry.py:72)dispatch	[插件:phoebe] 处理 菲比搜索 菲比搜索 哈哈
2026-07-07 12:53:37,312	[INFO]	(message.py:57)handle_group_at_message	[群聊] A111A156DB40D2DCE2ABACF757F23279: 菲比搜索 菲比搜索 哈哈
2026-07-07 12:53:37,320	[INFO]	(registry.py:72)dispatch	[插件:phoebe] 处理 菲比搜索 菲比搜索 哈哈
2026-07-07 12:53:47,374	[INFO]	(message.py:57)handle_group_at_message	[群聊] A111A156DB40D2DCE2ABACF757F23279: 菲比搜索 菲比搜索 哈哈
2026-07-07 12:53:47,374	[INFO]	(registry.py:72)dispatch	[插件:phoebe] 处理 菲比搜索 菲比搜索 哈哈
2026-07-07 12:53:57,444	[INFO]	(message.py:57)handle_group_at_message	[群聊] A111A156DB40D2DCE2ABACF757F23279: 菲比搜索 菲比搜索 哈哈
2026-07-07 12:53:57,449	[INFO]	(registry.py:72)dispatch	[插件:phoebe] 处理 菲比搜索 菲比搜索 哈哈
2026-07-07 12:54:07,003	[INFO]	(message.py:57)handle_group_at_message	[群聊] A111A156DB40D2DCE2ABACF757F23279: 菲比搜索 菲比搜索 哈哈
2026-07-07 12:54:07,004	[INFO]	(registry.py:72)dispatch	[插件:phoebe] 处理 菲比搜索 菲比搜索 哈哈
2026-07-07 12:54:18,068	[INFO]	(message.py:57)handle_group_at_message	[群聊] A111A156DB40D2DCE2ABACF757F23279: 菲比搜索 菲比搜索 哈哈
2026-07-07 12:54:18,068	[INFO]	(registry.py:72)dispatch	[插件:phoebe] 处理 菲比搜索 菲比搜索 哈哈
2026-07-07 12:54:27,127	[INFO]	(message.py:57)handle_group_at_message	[群聊] A111A156DB40D2DCE2ABACF757F23279: 菲比搜索 菲比搜索 哈哈
2026-07-07 12:54:27,127	[INFO]	(registry.py:72)dispatch	[插件:phoebe] 处理 菲比搜索 菲比搜索 哈哈
2026-07-07 12:54:37,189	[INFO]	(message.py:57)handle_group_at_message	[群聊] A111A156DB40D2DCE2ABACF757F23279: 菲比搜索 菲比搜索 哈哈
2026-07-07 12:54:37,190	[INFO]	(registry.py:72)dispatch	[插件:phoebe] 处理 菲比搜索 菲比搜索 哈哈
2026-07-07 12:54:46,989	[INFO]	(message.py:57)handle_group_at_message	[群聊] A111A156DB40D2DCE2ABACF757F23279: 菲比搜索 菲比搜索 哈哈
2026-07-07 12:54:46,989	[INFO]	(registry.py:72)dispatch	[插件:phoebe] 处理 菲比搜索 菲比搜索 哈哈
2026-07-07 12:54:57,066	[INFO]	(message.py:57)handle_group_at_message	[群聊] A111A156DB40D2DCE2ABACF757F23279: 菲比搜索 菲比搜索 哈哈
2026-07-07 12:54:57,066	[INFO]	(registry.py:72)dispatch	[插件:phoebe] 处理 菲比搜索 菲比搜索 哈哈
2026-07-07 12:55:07,142	[INFO]	(message.py:57)handle_group_at_message	[群聊] A111A156DB40D2DCE2ABACF757F23279: 菲比搜索 菲比搜索 哈哈
2026-07-07 12:55:07,142	[INFO]	(registry.py:72)dispatch	[插件:phoebe] 处理 菲比搜索 菲比搜索 哈哈
2026-07-07 12:55:17,719	[INFO]	(message.py:57)handle_group_at_message	[群聊] A111A156DB40D2DCE2ABACF757F23279: 菲比搜索 菲比搜索 哈哈
2026-07-07 12:55:17,719	[INFO]	(registry.py:72)dispatch	[插件:phoebe] 处理 菲比搜索 菲比搜索 哈哈
2026-07-07 12:55:27,296	[INFO]	(message.py:57)handle_group_at_message	[群聊] A111A156DB40D2DCE2ABACF757F23279: 菲比搜索 菲比搜索 哈哈
2026-07-07 12:55:27,296	[INFO]	(registry.py:72)dispatch	[插件:phoebe] 处理 菲比搜索 菲比搜索 哈哈
2026-07-07 12:55:37,366	[INFO]	(message.py:57)handle_group_at_message	[群聊] A111A156DB40D2DCE2ABACF757F23279: 菲比搜索 菲比搜索 哈哈
2026-07-07 12:55:37,366	[INFO]	(registry.py:72)dispatch	[插件:phoebe] 处理 菲比搜索 菲比搜索 哈哈
2026-07-07 12:55:47,564	[INFO]	(message.py:57)handle_group_at_message	[群聊] A111A156DB40D2DCE2ABACF757F23279: 菲比搜索 菲比搜索 哈哈
2026-07-07 12:55:47,564	[INFO]	(registry.py:72)dispatch	[插件:phoebe] 处理 菲比搜索 菲比搜索 哈哈
2026-07-07 12:55:57,709	[INFO]	(message.py:57)handle_group_at_message	[群聊] A111A156DB40D2DCE2ABACF757F23279: 菲比搜索 菲比搜索 哈哈
2026-07-07 12:55:57,709	[INFO]	(registry.py:72)dispatch	[插件:phoebe] 处理 菲比搜索 菲比搜索 哈哈
2026-07-07 12:56:07,124	[INFO]	(message.py:57)handle_group_at_message	[群聊] A111A156DB40D2DCE2ABACF757F23279: 菲比搜索 菲比搜索 哈哈
2026-07-07 12:56:07,124	[INFO]	(registry.py:72)dispatch	[插件:phoebe] 处理 菲比搜索 菲比搜索 哈哈
2026-07-07 12:56:17,209	[INFO]	(message.py:57)handle_group_at_message	[群聊] A111A156DB40D2DCE2ABACF757F23279: 菲比搜索 菲比搜索 哈哈
2026-07-07 12:56:17,214	[INFO]	(registry.py:72)dispatch	[插件:phoebe] 处理 菲比搜索 菲比搜索 哈哈
2026-07-07 12:56:27,273	[INFO]	(message.py:57)handle_group_at_message	[群聊] A111A156DB40D2DCE2ABACF757F23279: 菲比搜索 菲比搜索 哈哈
2026-07-07 12:56:27,273	[INFO]	(registry.py:72)dispatch	[插件:phoebe] 处理 菲比搜索 菲比搜索 哈哈
2026-07-07 12:56:37,341	[INFO]	(message.py:57)handle_group_at_message	[群聊] A111A156DB40D2DCE2ABACF757F23279: 菲比搜索 菲比搜索 哈哈
2026-07-07 12:56:37,343	[INFO]	(registry.py:72)dispatch	[插件:phoebe] 处理 菲比搜索 菲比搜索 哈哈
2026-07-07 12:56:47,460	[INFO]	(message.py:57)handle_group_at_message	[群聊] A111A156DB40D2DCE2ABACF757F23279: 菲比搜索 菲比搜索 哈哈
2026-07-07 12:56:47,460	[INFO]	(registry.py:72)dispatch	[插件:phoebe] 处理 菲比搜索 菲比搜索 哈哈
2026-07-07 12:56:57,537	[INFO]	(message.py:57)handle_group_at_message	[群聊] A111A156DB40D2DCE2ABACF757F23279: 菲比搜索 菲比搜索 哈哈
2026-07-07 12:56:57,542	[INFO]	(registry.py:72)dispatch	[插件:phoebe] 处理 菲比搜索 菲比搜索 哈哈
2026-07-07 12:57:07,107	[INFO]	(message.py:57)handle_group_at_message	[群聊] A111A156DB40D2DCE2ABACF757F23279: 菲比搜索 菲比搜索 哈哈
2026-07-07 12:57:07,107	[INFO]	(registry.py:72)dispatch	[插件:phoebe] 处理 菲比搜索 菲比搜索 哈哈
2026-07-07 12:57:17,688	[INFO]	(message.py:57)handle_group_at_message	[群聊] A111A156DB40D2DCE2ABACF757F23279: 菲比搜索 菲比搜索 哈哈
2026-07-07 12:57:17,689	[INFO]	(registry.py:72)dispatch	[插件:phoebe] 处理 菲比搜索 菲比搜索 哈哈
2026-07-07 12:57:27,270	[INFO]	(message.py:57)handle_group_at_message	[群聊] A111A156DB40D2DCE2ABACF757F23279: 菲比搜索 菲比搜索 哈哈
2026-07-07 12:57:27,270	[INFO]	(registry.py:72)dispatch	[插件:phoebe] 处理 菲比搜索 菲比搜索 哈哈
2026-07-07 12:57:37,355	[INFO]	(message.py:57)handle_group_at_message	[群聊] A111A156DB40D2DCE2ABACF757F23279: 菲比搜索 菲比搜索 哈哈
2026-07-07 12:57:37,356	[INFO]	(registry.py:72)dispatch	[插件:phoebe] 处理 菲比搜索 菲比搜索 哈哈
2026-07-07 12:57:47,421	[INFO]	(message.py:57)handle_group_at_message	[群聊] A111A156DB40D2DCE2ABACF757F23279: 菲比搜索 菲比搜索 哈哈
2026-07-07 12:57:47,421	[INFO]	(registry.py:72)dispatch	[插件:phoebe] 处理 菲比搜索 菲比搜索 哈哈
2026-07-07 12:57:57,482	[INFO]	(message.py:57)handle_group_at_message	[群聊] A111A156DB40D2DCE2ABACF757F23279: 菲比搜索 菲比搜索 哈哈
2026-07-07 12:57:57,482	[INFO]	(registry.py:72)dispatch	[插件:phoebe] 处理 菲比搜索 菲比搜索 哈哈
2026-07-07 12:58:07,055	[INFO]	(message.py:57)handle_group_at_message	[群聊] A111A156DB40D2DCE2ABACF757F23279: 菲比搜索 菲比搜索 哈哈
2026-07-07 12:58:07,055	[INFO]	(registry.py:72)dispatch	[插件:phoebe] 处理 菲比搜索 菲比搜索 哈哈
2026-07-07 12:58:17,621	[INFO]	(message.py:57)handle_group_at_message	[群聊] A111A156DB40D2DCE2ABACF757F23279: 菲比搜索 菲比搜索 哈哈
2026-07-07 12:58:17,621	[INFO]	(registry.py:72)dispatch	[插件:phoebe] 处理 菲比搜索 菲比搜索 哈哈
2026-07-07 12:58:19,145	[INFO]	(message.py:57)handle_group_at_message	[群聊] A111A156DB40D2DCE2ABACF757F23279: 今日运势
2026-07-07 12:58:19,146	[INFO]	(registry.py:72)dispatch	[插件:fortune] 处理 今日运势
2026-07-07 12:58:27,203	[INFO]	(message.py:57)handle_group_at_message	[群聊] A111A156DB40D2DCE2ABACF757F23279: 今日运势
2026-07-07 12:58:27,203	[INFO]	(registry.py:72)dispatch	[插件:fortune] 处理 今日运势
2026-07-07 12:58:37,262	[INFO]	(message.py:57)handle_group_at_message	[群聊] A111A156DB40D2DCE2ABACF757F23279: 今日运势
2026-07-07 12:58:37,262	[INFO]	(registry.py:72)dispatch	[插件:fortune] 处理 今日运势
2026-07-07 12:58:47,383	[INFO]	(message.py:57)handle_group_at_message	[群聊] A111A156DB40D2DCE2ABACF757F23279: 今日运势
2026-07-07 12:58:47,383	[INFO]	(registry.py:72)dispatch	[插件:fortune] 处理 今日运势
2026-07-07 12:58:57,000	[INFO]	(message.py:57)handle_group_at_message	[群聊] A111A156DB40D2DCE2ABACF757F23279: 今日运势
2026-07-07 12:58:57,000	[INFO]	(registry.py:72)dispatch	[插件:fortune] 处理 今日运势
2026-07-07 12:59:07,084	[INFO]	(message.py:57)handle_group_at_message	[群聊] A111A156DB40D2DCE2ABACF757F23279: 今日运势
2026-07-07 12:59:07,084	[INFO]	(registry.py:72)dispatch	[插件:fortune] 处理 今日运势
2026-07-07 12:59:17,663	[INFO]	(message.py:57)handle_group_at_message	[群聊] A111A156DB40D2DCE2ABACF757F23279: 今日运势
2026-07-07 12:59:17,665	[INFO]	(registry.py:72)dispatch	[插件:fortune] 处理 今日运势
2026-07-07 12:59:27,231	[INFO]	(message.py:57)handle_group_at_message	[群聊] A111A156DB40D2DCE2ABACF757F23279: 今日运势
2026-07-07 12:59:27,234	[INFO]	(registry.py:72)dispatch	[插件:fortune] 处理 今日运势
2026-07-07 12:59:37,293	[INFO]	(message.py:57)handle_group_at_message	[群聊] A111A156DB40D2DCE2ABACF757F23279: 今日运势
2026-07-07 12:59:37,294	[INFO]	(registry.py:72)dispatch	[插件:fortune] 处理 今日运势
2026-07-07 12:59:47,382	[INFO]	(message.py:57)handle_group_at_message	[群聊] A111A156DB40D2DCE2ABACF757F23279: 今日运势
2026-07-07 12:59:47,382	[INFO]	(registry.py:72)dispatch	[插件:fortune] 处理 今日运势
2026-07-07 12:59:57,030	[INFO]	(message.py:57)handle_group_at_message	[群聊] A111A156DB40D2DCE2ABACF757F23279: 今日运势
2026-07-07 12:59:57,031	[INFO]	(registry.py:72)dispatch	[插件:fortune] 处理 今日运势
2026-07-07 13:00:07,105	[INFO]	(message.py:57)handle_group_at_message	[群聊] A111A156DB40D2DCE2ABACF757F23279: 今日运势
2026-07-07 13:00:07,105	[INFO]	(registry.py:72)dispatch	[插件:fortune] 处理 今日运势
2026-07-07 13:00:17,663	[INFO]	(message.py:57)handle_group_at_message	[群聊] A111A156DB40D2DCE2ABACF757F23279: 今日运势
2026-07-07 13:00:17,664	[INFO]	(registry.py:72)dispatch	[插件:fortune] 处理 今日运势
2026-07-07 13:00:27,221	[INFO]	(message.py:57)handle_group_at_message	[群聊] A111A156DB40D2DCE2ABACF757F23279: 今日运势
2026-07-07 13:00:27,222	[INFO]	(registry.py:72)dispatch	[插件:fortune] 处理 今日运势
2026-07-07 13:00:37,290	[INFO]	(message.py:57)handle_group_at_message	[群聊] A111A156DB40D2DCE2ABACF757F23279: 今日运势
2026-07-07 13:00:37,290	[INFO]	(registry.py:72)dispatch	[插件:fortune] 处理 今日运势
2026-07-07 13:00:47,353	[INFO]	(message.py:57)handle_group_at_message	[群聊] A111A156DB40D2DCE2ABACF757F23279: 今日运势
2026-07-07 13:00:47,354	[INFO]	(registry.py:72)dispatch	[插件:fortune] 处理 今日运势
2026-07-07 13:00:57,412	[INFO]	(message.py:57)handle_group_at_message	[群聊] A111A156DB40D2DCE2ABACF757F23279: 今日运势
2026-07-07 13:00:57,412	[INFO]	(registry.py:72)dispatch	[插件:fortune] 处理 今日运势
2026-07-07 13:01:07,485	[INFO]	(message.py:57)handle_group_at_message	[群聊] A111A156DB40D2DCE2ABACF757F23279: 今日运势
2026-07-07 13:01:07,485	[INFO]	(registry.py:72)dispatch	[插件:fortune] 处理 今日运势
2026-07-07 13:01:17,556	[INFO]	(message.py:57)handle_group_at_message	[群聊] A111A156DB40D2DCE2ABACF757F23279: 今日运势
2026-07-07 13:01:17,557	[INFO]	(registry.py:72)dispatch	[插件:fortune] 处理 今日运势
2026-07-07 13:01:27,119	[INFO]	(message.py:57)handle_group_at_message	[群聊] A111A156DB40D2DCE2ABACF757F23279: 今日运势
2026-07-07 13:01:27,120	[INFO]	(registry.py:72)dispatch	[插件:fortune] 处理 今日运势
2026-07-07 13:01:37,211	[INFO]	(message.py:57)handle_group_at_message	[群聊] A111A156DB40D2DCE2ABACF757F23279: 今日运势
2026-07-07 13:01:37,212	[INFO]	(registry.py:72)dispatch	[插件:fortune] 处理 今日运势
2026-07-07 13:01:47,291	[INFO]	(message.py:57)handle_group_at_message	[群聊] A111A156DB40D2DCE2ABACF757F23279: 今日运势
2026-07-07 13:01:47,291	[INFO]	(registry.py:72)dispatch	[插件:fortune] 处理 今日运势
2026-07-07 13:01:57,860	[INFO]	(message.py:57)handle_group_at_message	[群聊] A111A156DB40D2DCE2ABACF757F23279: 今日运势
2026-07-07 13:01:57,860	[INFO]	(registry.py:72)dispatch	[插件:fortune] 处理 今日运势
2026-07-07 13:02:07,427	[INFO]	(message.py:57)handle_group_at_message	[群聊] A111A156DB40D2DCE2ABACF757F23279: 今日运势
2026-07-07 13:02:07,427	[INFO]	(registry.py:72)dispatch	[插件:fortune] 处理 今日运势
2026-07-07 13:02:17,498	[INFO]	(message.py:57)handle_group_at_message	[群聊] A111A156DB40D2DCE2ABACF757F23279: 今日运势
2026-07-07 13:02:17,498	[INFO]	(registry.py:72)dispatch	[插件:fortune] 处理 今日运势
2026-07-07 13:02:27,060	[INFO]	(message.py:57)handle_group_at_message	[群聊] A111A156DB40D2DCE2ABACF757F23279: 今日运势
2026-07-07 13:02:27,060	[INFO]	(registry.py:72)dispatch	[插件:fortune] 处理 今日运势
2026-07-07 13:02:37,139	[INFO]	(message.py:57)handle_group_at_message	[群聊] A111A156DB40D2DCE2ABACF757F23279: 今日运势
2026-07-07 13:02:37,139	[INFO]	(registry.py:72)dispatch	[插件:fortune] 处理 今日运势
2026-07-07 13:02:47,210	[INFO]	(message.py:57)handle_group_at_message	[群聊] A111A156DB40D2DCE2ABACF757F23279: 今日运势
2026-07-07 13:02:47,210	[INFO]	(registry.py:72)dispatch	[插件:fortune] 处理 今日运势
2026-07-07 13:02:57,299	[INFO]	(message.py:57)handle_group_at_message	[群聊] A111A156DB40D2DCE2ABACF757F23279: 今日运势
2026-07-07 13:02:57,299	[INFO]	(registry.py:72)dispatch	[插件:fortune] 处理 今日运势
2026-07-07 13:03:07,360	[INFO]	(message.py:57)handle_group_at_message	[群聊] A111A156DB40D2DCE2ABACF757F23279: 今日运势
2026-07-07 13:03:07,361	[INFO]	(registry.py:72)dispatch	[插件:fortune] 处理 今日运势
2026-07-07 13:03:17,948	[INFO]	(message.py:57)handle_group_at_message	[群聊] A111A156DB40D2DCE2ABACF757F23279: 今日运势
2026-07-07 13:03:17,948	[INFO]	(registry.py:72)dispatch	[插件:fortune] 处理 今日运势
2026-07-07 13:03:27,006	[INFO]	(message.py:57)handle_group_at_message	[群聊] A111A156DB40D2DCE2ABACF757F23279: 今日运势
2026-07-07 13:03:27,006	[INFO]	(registry.py:72)dispatch	[插件:fortune] 处理 今日运势
2026-07-07 13:03:37,073	[INFO]	(message.py:57)handle_group_at_message	[群聊] A111A156DB40D2DCE2ABACF757F23279: 今日运势
2026-07-07 13:03:37,074	[INFO]	(registry.py:72)dispatch	[插件:fortune] 处理 今日运势
2026-07-07 13:03:47,133	[INFO]	(message.py:57)handle_group_at_message	[群聊] A111A156DB40D2DCE2ABACF757F23279: 今日运势
2026-07-07 13:03:47,133	[INFO]	(registry.py:72)dispatch	[插件:fortune] 处理 今日运势
2026-07-07 13:03:57,208	[INFO]	(message.py:57)handle_group_at_message	[群聊] A111A156DB40D2DCE2ABACF757F23279: 今日运势
2026-07-07 13:03:57,209	[INFO]	(registry.py:72)dispatch	[插件:fortune] 处理 今日运势
2026-07-07 13:04:07,275	[INFO]	(message.py:57)handle_group_at_message	[群聊] A111A156DB40D2DCE2ABACF757F23279: 今日运势
2026-07-07 13:04:07,277	[INFO]	(registry.py:72)dispatch	[插件:fortune] 处理 今日运势
2026-07-07 13:04:08,324	[INFO]	(message.py:57)handle_group_at_message	[群聊] A111A156DB40D2DCE2ABACF757F23279: 上班
2026-07-07 13:04:08,325	[INFO]	(registry.py:72)dispatch	[插件:workclock] 处理 上班
2026-07-07 13:04:17,939	[INFO]	(message.py:57)handle_group_at_message	[群聊] A111A156DB40D2DCE2ABACF757F23279: 上班
2026-07-07 13:04:17,939	[INFO]	(registry.py:72)dispatch	[插件:workclock] 处理 上班
2026-07-07 13:04:26,995	[INFO]	(message.py:57)handle_group_at_message	[群聊] A111A156DB40D2DCE2ABACF757F23279: 上班
2026-07-07 13:04:26,997	[INFO]	(registry.py:72)dispatch	[插件:workclock] 处理 上班
2026-07-07 13:04:37,060	[INFO]	(message.py:57)handle_group_at_message	[群聊] A111A156DB40D2DCE2ABACF757F23279: 上班
2026-07-07 13:04:37,060	[INFO]	(registry.py:72)dispatch	[插件:workclock] 处理 上班
2026-07-07 13:04:47,131	[INFO]	(message.py:57)handle_group_at_message	[群聊] A111A156DB40D2DCE2ABACF757F23279: 上班
2026-07-07 13:04:47,131	[INFO]	(registry.py:72)dispatch	[插件:workclock] 处理 上班
2026-07-07 13:04:57,721	[INFO]	(message.py:57)handle_group_at_message	[群聊] A111A156DB40D2DCE2ABACF757F23279: 上班
2026-07-07 13:04:57,721	[INFO]	(registry.py:72)dispatch	[插件:workclock] 处理 上班
2026-07-07 13:05:07,300	[INFO]	(message.py:57)handle_group_at_message	[群聊] A111A156DB40D2DCE2ABACF757F23279: 上班
2026-07-07 13:05:07,301	[INFO]	(registry.py:72)dispatch	[插件:workclock] 处理 上班
2026-07-07 13:05:17,871	[INFO]	(message.py:57)handle_group_at_message	[群聊] A111A156DB40D2DCE2ABACF757F23279: 上班
2026-07-07 13:05:17,871	[INFO]	(registry.py:72)dispatch	[插件:workclock] 处理 上班
2026-07-07 13:05:26,937	[INFO]	(message.py:57)handle_group_at_message	[群聊] A111A156DB40D2DCE2ABACF757F23279: 上班
2026-07-07 13:05:26,937	[INFO]	(registry.py:72)dispatch	[插件:workclock] 处理 上班
2026-07-07 13:05:37,013	[INFO]	(message.py:57)handle_group_at_message	[群聊] A111A156DB40D2DCE2ABACF757F23279: 上班
2026-07-07 13:05:37,013	[INFO]	(registry.py:72)dispatch	[插件:workclock] 处理 上班
2026-07-07 13:05:47,085	[INFO]	(message.py:57)handle_group_at_message	[群聊] A111A156DB40D2DCE2ABACF757F23279: 上班
2026-07-07 13:05:47,085	[INFO]	(registry.py:72)dispatch	[插件:workclock] 处理 上班
2026-07-07 13:05:57,658	[INFO]	(message.py:57)handle_group_at_message	[群聊] A111A156DB40D2DCE2ABACF757F23279: 上班
2026-07-07 13:05:57,659	[INFO]	(registry.py:72)dispatch	[插件:workclock] 处理 上班
2026-07-07 13:06:07,215	[INFO]	(message.py:57)handle_group_at_message	[群聊] A111A156DB40D2DCE2ABACF757F23279: 上班
2026-07-07 13:06:07,216	[INFO]	(registry.py:72)dispatch	[插件:workclock] 处理 上班
2026-07-07 13:06:17,783	[INFO]	(message.py:57)handle_group_at_message	[群聊] A111A156DB40D2DCE2ABACF757F23279: 上班
2026-07-07 13:06:17,784	[INFO]	(registry.py:72)dispatch	[插件:workclock] 处理 上班
2026-07-07 13:06:19,503	[INFO]	(message.py:57)handle_group_at_message	[群聊] A111A156DB40D2DCE2ABACF757F23279: 下班
2026-07-07 13:06:19,503	[INFO]	(registry.py:72)dispatch	[插件:workclock] 处理 下班
2026-07-07 13:06:27,176	[INFO]	(message.py:57)handle_group_at_message	[群聊] A111A156DB40D2DCE2ABACF757F23279: 下班
2026-07-07 13:06:27,176	[INFO]	(registry.py:72)dispatch	[插件:workclock] 处理 下班
2026-07-07 13:06:37,243	[INFO]	(message.py:57)handle_group_at_message	[群聊] A111A156DB40D2DCE2ABACF757F23279: 下班
2026-07-07 13:06:37,243	[INFO]	(registry.py:72)dispatch	[插件:workclock] 处理 下班
2026-07-07 13:06:47,315	[INFO]	(message.py:57)handle_group_at_message	[群聊] A111A156DB40D2DCE2ABACF757F23279: 下班
2026-07-07 13:06:47,315	[INFO]	(registry.py:72)dispatch	[插件:workclock] 处理 下班
2026-07-07 13:06:57,374	[INFO]	(message.py:57)handle_group_at_message	[群聊] A111A156DB40D2DCE2ABACF757F23279: 下班
2026-07-07 13:06:57,374	[INFO]	(registry.py:72)dispatch	[插件:workclock] 处理 下班
2026-07-07 13:07:06,933	[INFO]	(message.py:57)handle_group_at_message	[群聊] A111A156DB40D2DCE2ABACF757F23279: 下班
2026-07-07 13:07:06,933	[INFO]	(registry.py:72)dispatch	[插件:workclock] 处理 下班
2026-07-07 13:07:10,512	[INFO]	(gateway.py:56)on_closed	[botpy] 关闭, 返回码: 4009, 返回信息: Session timed out
2026-07-07 13:07:10,513	[INFO]	(gateway.py:134)ws_connect	[botpy] ws关闭, 停止接收消息!
2026-07-07 13:07:15,520	[INFO]	(connection.py:60)multi_run	[botpy] 最大并发连接数: 1, 启动会话数: 1
2026-07-07 13:07:15,520	[INFO]	(client.py:242)bot_connect	[botpy] 会话启动中...
2026-07-07 13:07:15,522	[INFO]	(gateway.py:115)ws_connect	[botpy] 启动中...
2026-07-07 13:07:15,586	[INFO]	(gateway.py:175)ws_resume	[botpy] 重连启动...
2026-07-07 13:07:15,654	[INFO]	(gateway.py:90)on_message	[botpy] 机器人重连成功! 
2026-07-07 13:07:15,655	[INFO]	(gateway.py:223)_send_heart	[botpy] 心跳维持启动...
2026-07-07 13:07:18,168	[INFO]	(message.py:57)handle_group_at_message	[群聊] A111A156DB40D2DCE2ABACF757F23279: 下班
2026-07-07 13:07:18,169	[INFO]	(registry.py:72)dispatch	[插件:workclock] 处理 下班
2026-07-07 13:07:27,296	[INFO]	(message.py:57)handle_group_at_message	[群聊] A111A156DB40D2DCE2ABACF757F23279: 下班
2026-07-07 13:07:27,297	[INFO]	(registry.py:72)dispatch	[插件:workclock] 处理 下班
2026-07-07 13:07:37,358	[INFO]	(message.py:57)handle_group_at_message	[群聊] A111A156DB40D2DCE2ABACF757F23279: 下班
2026-07-07 13:07:37,358	[INFO]	(registry.py:72)dispatch	[插件:workclock] 处理 下班
2026-07-07 13:07:46,946	[INFO]	(message.py:57)handle_group_at_message	[群聊] A111A156DB40D2DCE2ABACF757F23279: 下班
2026-07-07 13:07:46,950	[INFO]	(registry.py:72)dispatch	[插件:workclock] 处理 下班
2026-07-07 13:07:57,501	[INFO]	(message.py:57)handle_group_at_message	[群聊] A111A156DB40D2DCE2ABACF757F23279: 下班
2026-07-07 13:07:57,501	[INFO]	(registry.py:72)dispatch	[插件:workclock] 处理 下班
2026-07-07 13:08:07,554	[INFO]	(message.py:57)handle_group_at_message	[群聊] A111A156DB40D2DCE2ABACF757F23279: 下班
2026-07-07 13:08:07,555	[INFO]	(registry.py:72)dispatch	[插件:workclock] 处理 下班
2026-07-07 13:08:17,619	[INFO]	(message.py:57)handle_group_at_message	[群聊] A111A156DB40D2DCE2ABACF757F23279: 下班
2026-07-07 13:08:17,620	[INFO]	(registry.py:72)dispatch	[插件:workclock] 处理 下班
2026-07-07 13:08:27,217	[INFO]	(message.py:57)handle_group_at_message	[群聊] A111A156DB40D2DCE2ABACF757F23279: 下班
2026-07-07 13:08:27,217	[INFO]	(registry.py:72)dispatch	[插件:workclock] 处理 下班
2026-07-07 13:08:37,282	[INFO]	(message.py:57)handle_group_at_message	[群聊] A111A156DB40D2DCE2ABACF757F23279: 下班
2026-07-07 13:08:37,282	[INFO]	(registry.py:72)dispatch	[插件:workclock] 处理 下班
2026-07-07 13:37:15,500	[INFO]	(gateway.py:56)on_closed	[botpy] 关闭, 返回码: 4009, 返回信息: Session timed out
2026-07-07 13:37:15,500	[INFO]	(gateway.py:134)ws_connect	[botpy] ws关闭, 停止接收消息!
2026-07-07 13:37:20,514	[INFO]	(connection.py:60)multi_run	[botpy] 最大并发连接数: 1, 启动会话数: 1
2026-07-07 13:37:20,516	[INFO]	(client.py:242)bot_connect	[botpy] 会话启动中...
2026-07-07 13:37:20,517	[INFO]	(gateway.py:115)ws_connect	[botpy] 启动中...
2026-07-07 13:37:20,574	[INFO]	(gateway.py:175)ws_resume	[botpy] 重连启动...
2026-07-07 13:37:20,657	[INFO]	(gateway.py:90)on_message	[botpy] 机器人重连成功! 
2026-07-07 13:37:20,661	[INFO]	(gateway.py:223)_send_heart	[botpy] 心跳维持启动...
2026-07-07 14:07:20,489	[INFO]	(gateway.py:56)on_closed	[botpy] 关闭, 返回码: 4009, 返回信息: Session timed out
2026-07-07 14:07:20,563	[INFO]	(gateway.py:134)ws_connect	[botpy] ws关闭, 停止接收消息!
2026-07-07 14:07:25,572	[INFO]	(connection.py:60)multi_run	[botpy] 最大并发连接数: 1, 启动会话数: 1
2026-07-07 14:07:25,575	[INFO]	(client.py:242)bot_connect	[botpy] 会话启动中...
2026-07-07 14:07:25,576	[INFO]	(gateway.py:115)ws_connect	[botpy] 启动中...
2026-07-07 14:07:25,628	[INFO]	(gateway.py:175)ws_resume	[botpy] 重连启动...
2026-07-07 14:07:25,688	[INFO]	(gateway.py:90)on_message	[botpy] 机器人重连成功! 
2026-07-07 14:07:25,689	[INFO]	(gateway.py:223)_send_heart	[botpy] 心跳维持启动...
2026-07-07 14:37:25,541	[INFO]	(gateway.py:56)on_closed	[botpy] 关闭, 返回码: 4009, 返回信息: Session timed out
2026-07-07 14:37:25,542	[INFO]	(gateway.py:134)ws_connect	[botpy] ws关闭, 停止接收消息!
2026-07-07 14:37:30,548	[INFO]	(connection.py:60)multi_run	[botpy] 最大并发连接数: 1, 启动会话数: 1
2026-07-07 14:37:30,549	[INFO]	(client.py:242)bot_connect	[botpy] 会话启动中...
2026-07-07 14:37:30,549	[INFO]	(gateway.py:115)ws_connect	[botpy] 启动中...
2026-07-07 14:37:30,575	[ERROR]	(gateway.py:51)on_error	[botpy] websocket连接: None, 异常信息 : Cannot connect to host api.sgroup.qq.com:443 ssl:default [getaddrinfo failed]
2026-07-07 14:37:35,604	[INFO]	(connection.py:60)multi_run	[botpy] 最大并发连接数: 1, 启动会话数: 1
2026-07-07 14:37:35,604	[INFO]	(client.py:242)bot_connect	[botpy] 会话启动中...
2026-07-07 14:37:35,604	[INFO]	(gateway.py:115)ws_connect	[botpy] 启动中...
2026-07-07 14:37:35,655	[INFO]	(gateway.py:175)ws_resume	[botpy] 重连启动...
2026-07-07 14:37:35,750	[INFO]	(robot.py:65)update_access_token	[botpy] access_token expires_in 7195
2026-07-07 14:37:35,942	[INFO]	(gateway.py:90)on_message	[botpy] 机器人重连成功! 
2026-07-07 14:37:35,943	[INFO]	(gateway.py:223)_send_heart	[botpy] 心跳维持启动...
